2021/04/09-18:38:22 INFO  [main] com.jsh.erp.ErpApplication - Starting ErpApplication on jakeUbuntu with PID 27684 (/home/jake/Jake/idea/WMERP/target/classes started by jake in /home/jake/Jake/idea/WMERP)
2021/04/09-18:38:22 DEBUG [main] com.jsh.erp.ErpApplication - Running with Spring Boot v2.0.0.RELEASE, Spring v5.0.4.RELEASE
2021/04/09-18:38:22 INFO  [main] com.jsh.erp.ErpApplication - No active profile set, falling back to default profiles: default
2021/04/09-18:38:25 INFO  [main] com.jsh.erp.ErpApplication - Started ErpApplication in 3.858 seconds (JVM running for 4.307)
2021/04/09-18:38:33 INFO  [http-nio-9988-exec-3] com.jsh.erp.controller.UserController - ============用户登录 login 方法调用开始==============
2021/04/09-18:38:33 DEBUG [http-nio-9988-exec-3] com.jsh.erp.datasource.mappers.UserMapper.selectByExample - ==>  Preparing: SELECT id, username, login_name, password, position, department, email, phonenum, ismanager, isystem, Status, description, remark, tenant_id FROM jsh_user WHERE (login_name = ? AND Status = ?) 
2021/04/09-18:38:33 DEBUG [http-nio-9988-exec-3] com.jsh.erp.datasource.mappers.UserMapper.selectByExample - ==> Parameters: jsh(String), 0(Byte)
2021/04/09-18:38:33 DEBUG [http-nio-9988-exec-3] com.jsh.erp.datasource.mappers.UserMapper.selectByExample - <==      Total: 0
2021/04/09-18:38:33 INFO  [http-nio-9988-exec-3] com.jsh.erp.controller.UserController - ===============用户登录 login 方法调用结束===============
2021/04/09-18:38:39 INFO  [http-nio-9988-exec-4] com.jsh.erp.controller.UserController - ============用户登录 login 方法调用开始==============
2021/04/09-18:38:39 DEBUG [http-nio-9988-exec-4] com.jsh.erp.datasource.mappers.UserMapper.selectByExample - ==>  Preparing: SELECT id, username, login_name, password, position, department, email, phonenum, ismanager, isystem, Status, description, remark, tenant_id FROM jsh_user WHERE (login_name = ? AND Status = ?) 
2021/04/09-18:38:39 DEBUG [http-nio-9988-exec-4] com.jsh.erp.datasource.mappers.UserMapper.selectByExample - ==> Parameters: zhangs(String), 0(Byte)
2021/04/09-18:38:39 DEBUG [http-nio-9988-exec-4] com.jsh.erp.datasource.mappers.UserMapper.selectByExample - <==      Total: 1
2021/04/09-18:38:39 DEBUG [http-nio-9988-exec-4] com.jsh.erp.datasource.mappers.UserMapper.selectByExample - ==>  Preparing: SELECT id, username, login_name, password, position, department, email, phonenum, ismanager, isystem, Status, description, remark, tenant_id FROM jsh_user WHERE (login_name = ? AND password = ? AND Status = ?) 
2021/04/09-18:38:39 DEBUG [http-nio-9988-exec-4] com.jsh.erp.datasource.mappers.UserMapper.selectByExample - ==> Parameters: zhangs(String), e10adc3949ba59abbe56e057f20f883e(String), 0(Byte)
2021/04/09-18:38:39 DEBUG [http-nio-9988-exec-4] com.jsh.erp.datasource.mappers.UserMapper.selectByExample - <==      Total: 1
2021/04/09-18:38:39 DEBUG [http-nio-9988-exec-4] com.jsh.erp.datasource.mappers.UserMapper.selectByExample - ==>  Preparing: SELECT id, username, login_name, password, position, department, email, phonenum, ismanager, isystem, Status, description, remark, tenant_id FROM jsh_user WHERE (login_name = ? AND Status = ?) 
2021/04/09-18:38:39 DEBUG [http-nio-9988-exec-4] com.jsh.erp.datasource.mappers.UserMapper.selectByExample - ==> Parameters: zhangs(String), 0(Byte)
2021/04/09-18:38:39 DEBUG [http-nio-9988-exec-4] com.jsh.erp.datasource.mappers.UserMapper.selectByExample - <==      Total: 1
2021/04/09-18:38:39 DEBUG [http-nio-9988-exec-4] com.jsh.erp.datasource.mappers.UserBusinessMapper.selectByExample - ==>  Preparing: SELECT id, type, key_id, value, btn_str, delete_flag FROM jsh_user_business WHERE (key_id = ? AND type = ? AND delete_flag <> ?) 
2021/04/09-18:38:39 DEBUG [http-nio-9988-exec-4] com.jsh.erp.datasource.mappers.UserBusinessMapper.selectByExample - ==> Parameters: 63(String), UserRole(String), 1(String)
2021/04/09-18:38:39 DEBUG [http-nio-9988-exec-4] com.jsh.erp.datasource.mappers.UserBusinessMapper.selectByExample - <==      Total: 1
2021/04/09-18:38:39 DEBUG [http-nio-9988-exec-4] com.jsh.erp.datasource.mappers.RoleMapper.selectByPrimaryKey - ==>  Preparing: SELECT id, name, type, value, description, tenant_id, delete_flag FROM jsh_role WHERE id = ? 
2021/04/09-18:38:39 DEBUG [http-nio-9988-exec-4] com.jsh.erp.datasource.mappers.RoleMapper.selectByPrimaryKey - ==> Parameters: 10(Long)
2021/04/09-18:38:39 DEBUG [http-nio-9988-exec-4] com.jsh.erp.datasource.mappers.RoleMapper.selectByPrimaryKey - <==      Total: 1
2021/04/09-18:38:39 DEBUG [http-nio-9988-exec-4] com.jsh.erp.datasource.mappers.TenantMapper.selectByExample - ==>  Preparing: SELECT id, tenant_id, login_name, user_num_limit, bills_num_limit, create_time FROM jsh_tenant WHERE (tenant_id = ?) 
2021/04/09-18:38:39 DEBUG [http-nio-9988-exec-4] com.jsh.erp.datasource.mappers.TenantMapper.selectByExample - ==> Parameters: 63(Long)
2021/04/09-18:38:39 DEBUG [http-nio-9988-exec-4] com.jsh.erp.datasource.mappers.TenantMapper.selectByExample - <==      Total: 1
2021/04/09-18:38:39 DEBUG [http-nio-9988-exec-4] com.jsh.erp.datasource.mappers.LogMapper.insertSelective - ==>  Preparing: INSERT INTO jsh_log (user_id, operation, client_ip, create_time, status, content, tenant_id) VALUES (?, ?, ?, ?, ?, ?, 63) 
2021/04/09-18:38:39 DEBUG [http-nio-9988-exec-4] com.jsh.erp.datasource.mappers.LogMapper.insertSelective - ==> Parameters: 63(Long), 用户(String), 127.0.0.1(String), 2021-04-09 18:38:39.307(Timestamp), 0(Byte), 登录zhangs(String)
2021/04/09-18:38:39 DEBUG [http-nio-9988-exec-4] com.jsh.erp.datasource.mappers.LogMapper.insertSelective - <==    Updates: 1
2021/04/09-18:38:39 INFO  [http-nio-9988-exec-4] com.jsh.erp.controller.UserController - ===============用户登录 login 方法调用结束===============
2021/04/09-18:38:39 DEBUG [http-nio-9988-exec-7] com.jsh.erp.datasource.mappers.UserBusinessMapper.selectByExample - ==>  Preparing: SELECT id, type, key_id, value, btn_str, delete_flag FROM jsh_user_business WHERE (key_id = ? AND type = ? AND delete_flag <> ?) 
2021/04/09-18:38:39 DEBUG [http-nio-9988-exec-7] com.jsh.erp.datasource.mappers.UserBusinessMapper.selectByExample - ==> Parameters: 63(String), UserRole(String), 1(String)
2021/04/09-18:38:39 DEBUG [http-nio-9988-exec-7] com.jsh.erp.datasource.mappers.UserBusinessMapper.selectByExample - <==      Total: 1
2021/04/09-18:38:39 DEBUG [http-nio-9988-exec-8] com.jsh.erp.datasource.mappers.UserBusinessMapper.selectByExample - ==>  Preparing: SELECT id, type, key_id, value, btn_str, delete_flag FROM jsh_user_business WHERE (key_id = ? AND type = ? AND delete_flag <> ?) 
2021/04/09-18:38:39 DEBUG [http-nio-9988-exec-8] com.jsh.erp.datasource.mappers.UserBusinessMapper.selectByExample - ==> Parameters: 10(String), RoleFunctions(String), 1(String)
2021/04/09-18:38:39 DEBUG [http-nio-9988-exec-8] com.jsh.erp.datasource.mappers.UserBusinessMapper.selectByExample - <==      Total: 1
2021/04/09-18:38:39 DEBUG [http-nio-9988-exec-9] com.jsh.erp.datasource.mappers.FunctionMapper.selectByExample - ==>  Preparing: SELECT id, number, name, parent_number, url, state, sort, enabled, type, push_btn, icon, delete_flag FROM jsh_function WHERE (enabled = ? AND parent_number = ? AND delete_flag <> ?) ORDER BY Sort 
2021/04/09-18:38:39 DEBUG [http-nio-9988-exec-9] com.jsh.erp.datasource.mappers.FunctionMapper.selectByExample - ==> Parameters: true(Boolean), 0(String), 1(String)
2021/04/09-18:38:39 DEBUG [http-nio-9988-exec-9] com.jsh.erp.datasource.mappers.FunctionMapper.selectByExample - <==      Total: 9
2021/04/09-18:38:39 DEBUG [http-nio-9988-exec-9] com.jsh.erp.datasource.mappers.FunctionMapper.selectByExample - ==>  Preparing: SELECT id, number, name, parent_number, url, state, sort, enabled, type, push_btn, icon, delete_flag FROM jsh_function WHERE (enabled = ? AND parent_number = ? AND delete_flag <> ?) ORDER BY Sort 
2021/04/09-18:38:39 DEBUG [http-nio-9988-exec-9] com.jsh.erp.datasource.mappers.FunctionMapper.selectByExample - ==> Parameters: true(Boolean), 0101(String), 1(String)
2021/04/09-18:38:39 DEBUG [http-nio-9988-exec-9] com.jsh.erp.datasource.mappers.FunctionMapper.selectByExample - <==      Total: 4
2021/04/09-18:38:39 DEBUG [http-nio-9988-exec-9] com.jsh.erp.datasource.mappers.FunctionMapper.selectByExample - ==>  Preparing: SELECT id, number, name, parent_number, url, state, sort, enabled, type, push_btn, icon, delete_flag FROM jsh_function WHERE (enabled = ? AND parent_number = ? AND delete_flag <> ?) ORDER BY Sort 
2021/04/09-18:38:39 DEBUG [http-nio-9988-exec-9] com.jsh.erp.datasource.mappers.FunctionMapper.selectByExample - ==> Parameters: true(Boolean), 010102(String), 1(String)
2021/04/09-18:38:39 DEBUG [http-nio-9988-exec-9] com.jsh.erp.datasource.mappers.FunctionMapper.selectByExample - <==      Total: 0
2021/04/09-18:38:39 DEBUG [http-nio-9988-exec-9] com.jsh.erp.datasource.mappers.FunctionMapper.selectByExample - ==>  Preparing: SELECT id, number, name, parent_number, url, state, sort, enabled, type, push_btn, icon, delete_flag FROM jsh_function WHERE (enabled = ? AND parent_number = ? AND delete_flag <> ?) ORDER BY Sort 
2021/04/09-18:38:39 DEBUG [http-nio-9988-exec-9] com.jsh.erp.datasource.mappers.FunctionMapper.selectByExample - ==> Parameters: true(Boolean), 010101(String), 1(String)
2021/04/09-18:38:39 DEBUG [http-nio-9988-exec-9] com.jsh.erp.datasource.mappers.FunctionMapper.selectByExample - <==      Total: 0
2021/04/09-18:38:39 DEBUG [http-nio-9988-exec-9] com.jsh.erp.datasource.mappers.FunctionMapper.selectByExample - ==>  Preparing: SELECT id, number, name, parent_number, url, state, sort, enabled, type, push_btn, icon, delete_flag FROM jsh_function WHERE (enabled = ? AND parent_number = ? AND delete_flag <> ?) ORDER BY Sort 
2021/04/09-18:38:39 DEBUG [http-nio-9988-exec-9] com.jsh.erp.datasource.mappers.FunctionMapper.selectByExample - ==> Parameters: true(Boolean), 010103(String), 1(String)
2021/04/09-18:38:39 DEBUG [http-nio-9988-exec-9] com.jsh.erp.datasource.mappers.FunctionMapper.selectByExample - <==      Total: 0
2021/04/09-18:38:39 DEBUG [http-nio-9988-exec-9] com.jsh.erp.datasource.mappers.FunctionMapper.selectByExample - ==>  Preparing: SELECT id, number, name, parent_number, url, state, sort, enabled, type, push_btn, icon, delete_flag FROM jsh_function WHERE (enabled = ? AND parent_number = ? AND delete_flag <> ?) ORDER BY Sort 
2021/04/09-18:38:39 DEBUG [http-nio-9988-exec-9] com.jsh.erp.datasource.mappers.FunctionMapper.selectByExample - ==> Parameters: true(Boolean), 010104(String), 1(String)
2021/04/09-18:38:39 DEBUG [http-nio-9988-exec-9] com.jsh.erp.datasource.mappers.FunctionMapper.selectByExample - <==      Total: 0
2021/04/09-18:38:39 DEBUG [http-nio-9988-exec-9] com.jsh.erp.datasource.mappers.FunctionMapper.selectByExample - ==>  Preparing: SELECT id, number, name, parent_number, url, state, sort, enabled, type, push_btn, icon, delete_flag FROM jsh_function WHERE (enabled = ? AND parent_number = ? AND delete_flag <> ?) ORDER BY Sort 
2021/04/09-18:38:39 DEBUG [http-nio-9988-exec-9] com.jsh.erp.datasource.mappers.FunctionMapper.selectByExample - ==> Parameters: true(Boolean), 0401(String), 1(String)
2021/04/09-18:38:39 DEBUG [http-nio-9988-exec-9] com.jsh.erp.datasource.mappers.FunctionMapper.selectByExample - <==      Total: 2
2021/04/09-18:38:39 DEBUG [http-nio-9988-exec-9] com.jsh.erp.datasource.mappers.FunctionMapper.selectByExample - ==>  Preparing: SELECT id, number, name, parent_number, url, state, sort, enabled, type, push_btn, icon, delete_flag FROM jsh_function WHERE (enabled = ? AND parent_number = ? AND delete_flag <> ?) ORDER BY Sort 
2021/04/09-18:38:39 DEBUG [http-nio-9988-exec-9] com.jsh.erp.datasource.mappers.FunctionMapper.selectByExample - ==> Parameters: true(Boolean), 040102(String), 1(String)
2021/04/09-18:38:39 DEBUG [http-nio-9988-exec-9] com.jsh.erp.datasource.mappers.FunctionMapper.selectByExample - <==      Total: 0
2021/04/09-18:38:39 DEBUG [http-nio-9988-exec-9] com.jsh.erp.datasource.mappers.FunctionMapper.selectByExample - ==>  Preparing: SELECT id, number, name, parent_number, url, state, sort, enabled, type, push_btn, icon, delete_flag FROM jsh_function WHERE (enabled = ? AND parent_number = ? AND delete_flag <> ?) ORDER BY Sort 
2021/04/09-18:38:39 DEBUG [http-nio-9988-exec-9] com.jsh.erp.datasource.mappers.FunctionMapper.selectByExample - ==> Parameters: true(Boolean), 040104(String), 1(String)
2021/04/09-18:38:39 DEBUG [http-nio-9988-exec-9] com.jsh.erp.datasource.mappers.FunctionMapper.selectByExample - <==      Total: 0
2021/04/09-18:38:39 DEBUG [http-nio-9988-exec-9] com.jsh.erp.datasource.mappers.FunctionMapper.selectByExample - ==>  Preparing: SELECT id, number, name, parent_number, url, state, sort, enabled, type, push_btn, icon, delete_flag FROM jsh_function WHERE (enabled = ? AND parent_number = ? AND delete_flag <> ?) ORDER BY Sort 
2021/04/09-18:38:39 DEBUG [http-nio-9988-exec-9] com.jsh.erp.datasource.mappers.FunctionMapper.selectByExample - ==> Parameters: true(Boolean), 0502(String), 1(String)
2021/04/09-18:38:39 DEBUG [http-nio-9988-exec-9] com.jsh.erp.datasource.mappers.FunctionMapper.selectByExample - <==      Total: 3
2021/04/09-18:38:39 DEBUG [http-nio-9988-exec-9] com.jsh.erp.datasource.mappers.FunctionMapper.selectByExample - ==>  Preparing: SELECT id, number, name, parent_number, url, state, sort, enabled, type, push_btn, icon, delete_flag FROM jsh_function WHERE (enabled = ? AND parent_number = ? AND delete_flag <> ?) ORDER BY Sort 
2021/04/09-18:38:39 DEBUG [http-nio-9988-exec-9] com.jsh.erp.datasource.mappers.FunctionMapper.selectByExample - ==> Parameters: true(Boolean), 050202(String), 1(String)
2021/04/09-18:38:39 DEBUG [http-nio-9988-exec-9] com.jsh.erp.datasource.mappers.FunctionMapper.selectByExample - <==      Total: 0
2021/04/09-18:38:39 DEBUG [http-nio-9988-exec-9] com.jsh.erp.datasource.mappers.FunctionMapper.selectByExample - ==>  Preparing: SELECT id, number, name, parent_number, url, state, sort, enabled, type, push_btn, icon, delete_flag FROM jsh_function WHERE (enabled = ? AND parent_number = ? AND delete_flag <> ?) ORDER BY Sort 
2021/04/09-18:38:39 DEBUG [http-nio-9988-exec-9] com.jsh.erp.datasource.mappers.FunctionMapper.selectByExample - ==> Parameters: true(Boolean), 050201(String), 1(String)
2021/04/09-18:38:39 DEBUG [http-nio-9988-exec-9] com.jsh.erp.datasource.mappers.FunctionMapper.selectByExample - <==      Total: 0
2021/04/09-18:38:39 DEBUG [http-nio-9988-exec-9] com.jsh.erp.datasource.mappers.FunctionMapper.selectByExample - ==>  Preparing: SELECT id, number, name, parent_number, url, state, sort, enabled, type, push_btn, icon, delete_flag FROM jsh_function WHERE (enabled = ? AND parent_number = ? AND delete_flag <> ?) ORDER BY Sort 
2021/04/09-18:38:39 DEBUG [http-nio-9988-exec-9] com.jsh.erp.datasource.mappers.FunctionMapper.selectByExample - ==> Parameters: true(Boolean), 050204(String), 1(String)
2021/04/09-18:38:39 DEBUG [http-nio-9988-exec-9] com.jsh.erp.datasource.mappers.FunctionMapper.selectByExample - <==      Total: 0
2021/04/09-18:38:39 DEBUG [http-nio-9988-exec-9] com.jsh.erp.datasource.mappers.FunctionMapper.selectByExample - ==>  Preparing: SELECT id, number, name, parent_number, url, state, sort, enabled, type, push_btn, icon, delete_flag FROM jsh_function WHERE (enabled = ? AND parent_number = ? AND delete_flag <> ?) ORDER BY Sort 
2021/04/09-18:38:39 DEBUG [http-nio-9988-exec-9] com.jsh.erp.datasource.mappers.FunctionMapper.selectByExample - ==> Parameters: true(Boolean), 0603(String), 1(String)
2021/04/09-18:38:39 DEBUG [http-nio-9988-exec-9] com.jsh.erp.datasource.mappers.FunctionMapper.selectByExample - <==      Total: 3
2021/04/09-18:38:39 DEBUG [http-nio-9988-exec-9] com.jsh.erp.datasource.mappers.FunctionMapper.selectByExample - ==>  Preparing: SELECT id, number, name, parent_number, url, state, sort, enabled, type, push_btn, icon, delete_flag FROM jsh_function WHERE (enabled = ? AND parent_number = ? AND delete_flag <> ?) ORDER BY Sort 
2021/04/09-18:38:39 DEBUG [http-nio-9988-exec-9] com.jsh.erp.datasource.mappers.FunctionMapper.selectByExample - ==> Parameters: true(Boolean), 060301(String), 1(String)
2021/04/09-18:38:39 DEBUG [http-nio-9988-exec-9] com.jsh.erp.datasource.mappers.FunctionMapper.selectByExample - <==      Total: 0
2021/04/09-18:38:39 DEBUG [http-nio-9988-exec-9] com.jsh.erp.datasource.mappers.FunctionMapper.selectByExample - ==>  Preparing: SELECT id, number, name, parent_number, url, state, sort, enabled, type, push_btn, icon, delete_flag FROM jsh_function WHERE (enabled = ? AND parent_number = ? AND delete_flag <> ?) ORDER BY Sort 
2021/04/09-18:38:39 DEBUG [http-nio-9988-exec-9] com.jsh.erp.datasource.mappers.FunctionMapper.selectByExample - ==> Parameters: true(Boolean), 060303(String), 1(String)
2021/04/09-18:38:39 DEBUG [http-nio-9988-exec-9] com.jsh.erp.datasource.mappers.FunctionMapper.selectByExample - <==      Total: 0
2021/04/09-18:38:39 DEBUG [http-nio-9988-exec-9] com.jsh.erp.datasource.mappers.FunctionMapper.selectByExample - ==>  Preparing: SELECT id, number, name, parent_number, url, state, sort, enabled, type, push_btn, icon, delete_flag FROM jsh_function WHERE (enabled = ? AND parent_number = ? AND delete_flag <> ?) ORDER BY Sort 
2021/04/09-18:38:39 DEBUG [http-nio-9988-exec-9] com.jsh.erp.datasource.mappers.FunctionMapper.selectByExample - ==> Parameters: true(Boolean), 060305(String), 1(String)
2021/04/09-18:38:39 DEBUG [http-nio-9988-exec-9] com.jsh.erp.datasource.mappers.FunctionMapper.selectByExample - <==      Total: 0
2021/04/09-18:38:39 DEBUG [http-nio-9988-exec-9] com.jsh.erp.datasource.mappers.FunctionMapper.selectByExample - ==>  Preparing: SELECT id, number, name, parent_number, url, state, sort, enabled, type, push_btn, icon, delete_flag FROM jsh_function WHERE (enabled = ? AND parent_number = ? AND delete_flag <> ?) ORDER BY Sort 
2021/04/09-18:38:39 DEBUG [http-nio-9988-exec-9] com.jsh.erp.datasource.mappers.FunctionMapper.selectByExample - ==> Parameters: true(Boolean), 0801(String), 1(String)
2021/04/09-18:38:39 DEBUG [http-nio-9988-exec-9] com.jsh.erp.datasource.mappers.FunctionMapper.selectByExample - <==      Total: 5
2021/04/09-18:38:39 DEBUG [http-nio-9988-exec-9] com.jsh.erp.datasource.mappers.FunctionMapper.selectByExample - ==>  Preparing: SELECT id, number, name, parent_number, url, state, sort, enabled, type, push_btn, icon, delete_flag FROM jsh_function WHERE (enabled = ? AND parent_number = ? AND delete_flag <> ?) ORDER BY Sort 
2021/04/09-18:38:39 DEBUG [http-nio-9988-exec-9] com.jsh.erp.datasource.mappers.FunctionMapper.selectByExample - ==> Parameters: true(Boolean), 080103(String), 1(String)
2021/04/09-18:38:39 DEBUG [http-nio-9988-exec-9] com.jsh.erp.datasource.mappers.FunctionMapper.selectByExample - <==      Total: 0
2021/04/09-18:38:39 DEBUG [http-nio-9988-exec-9] com.jsh.erp.datasource.mappers.FunctionMapper.selectByExample - ==>  Preparing: SELECT id, number, name, parent_number, url, state, sort, enabled, type, push_btn, icon, delete_flag FROM jsh_function WHERE (enabled = ? AND parent_number = ? AND delete_flag <> ?) ORDER BY Sort 
2021/04/09-18:38:39 DEBUG [http-nio-9988-exec-9] com.jsh.erp.datasource.mappers.FunctionMapper.selectByExample - ==> Parameters: true(Boolean), 080105(String), 1(String)
2021/04/09-18:38:39 DEBUG [http-nio-9988-exec-9] com.jsh.erp.datasource.mappers.FunctionMapper.selectByExample - <==      Total: 0
2021/04/09-18:38:39 DEBUG [http-nio-9988-exec-9] com.jsh.erp.datasource.mappers.FunctionMapper.selectByExample - ==>  Preparing: SELECT id, number, name, parent_number, url, state, sort, enabled, type, push_btn, icon, delete_flag FROM jsh_function WHERE (enabled = ? AND parent_number = ? AND delete_flag <> ?) ORDER BY Sort 
2021/04/09-18:38:39 DEBUG [http-nio-9988-exec-9] com.jsh.erp.datasource.mappers.FunctionMapper.selectByExample - ==> Parameters: true(Boolean), 080107(String), 1(String)
2021/04/09-18:38:40 DEBUG [http-nio-9988-exec-9] com.jsh.erp.datasource.mappers.FunctionMapper.selectByExample - <==      Total: 0
2021/04/09-18:38:40 DEBUG [http-nio-9988-exec-9] com.jsh.erp.datasource.mappers.FunctionMapper.selectByExample - ==>  Preparing: SELECT id, number, name, parent_number, url, state, sort, enabled, type, push_btn, icon, delete_flag FROM jsh_function WHERE (enabled = ? AND parent_number = ? AND delete_flag <> ?) ORDER BY Sort 
2021/04/09-18:38:40 DEBUG [http-nio-9988-exec-9] com.jsh.erp.datasource.mappers.FunctionMapper.selectByExample - ==> Parameters: true(Boolean), 080109(String), 1(String)
2021/04/09-18:38:40 DEBUG [http-nio-9988-exec-9] com.jsh.erp.datasource.mappers.FunctionMapper.selectByExample - <==      Total: 0
2021/04/09-18:38:40 DEBUG [http-nio-9988-exec-9] com.jsh.erp.datasource.mappers.FunctionMapper.selectByExample - ==>  Preparing: SELECT id, number, name, parent_number, url, state, sort, enabled, type, push_btn, icon, delete_flag FROM jsh_function WHERE (enabled = ? AND parent_number = ? AND delete_flag <> ?) ORDER BY Sort 
2021/04/09-18:38:40 DEBUG [http-nio-9988-exec-9] com.jsh.erp.datasource.mappers.FunctionMapper.selectByExample - ==> Parameters: true(Boolean), 080111(String), 1(String)
2021/04/09-18:38:40 DEBUG [http-nio-9988-exec-9] com.jsh.erp.datasource.mappers.FunctionMapper.selectByExample - <==      Total: 0
2021/04/09-18:38:40 DEBUG [http-nio-9988-exec-9] com.jsh.erp.datasource.mappers.FunctionMapper.selectByExample - ==>  Preparing: SELECT id, number, name, parent_number, url, state, sort, enabled, type, push_btn, icon, delete_flag FROM jsh_function WHERE (enabled = ? AND parent_number = ? AND delete_flag <> ?) ORDER BY Sort 
2021/04/09-18:38:40 DEBUG [http-nio-9988-exec-9] com.jsh.erp.datasource.mappers.FunctionMapper.selectByExample - ==> Parameters: true(Boolean), 0704(String), 1(String)
2021/04/09-18:38:40 DEBUG [http-nio-9988-exec-9] com.jsh.erp.datasource.mappers.FunctionMapper.selectByExample - <==      Total: 6
2021/04/09-18:38:40 DEBUG [http-nio-9988-exec-9] com.jsh.erp.datasource.mappers.FunctionMapper.selectByExample - ==>  Preparing: SELECT id, number, name, parent_number, url, state, sort, enabled, type, push_btn, icon, delete_flag FROM jsh_function WHERE (enabled = ? AND parent_number = ? AND delete_flag <> ?) ORDER BY Sort 
2021/04/09-18:38:40 DEBUG [http-nio-9988-exec-9] com.jsh.erp.datasource.mappers.FunctionMapper.selectByExample - ==> Parameters: true(Boolean), 070402(String), 1(String)
2021/04/09-18:38:40 DEBUG [http-nio-9988-exec-9] com.jsh.erp.datasource.mappers.FunctionMapper.selectByExample - <==      Total: 0
2021/04/09-18:38:40 DEBUG [http-nio-9988-exec-9] com.jsh.erp.datasource.mappers.FunctionMapper.selectByExample - ==>  Preparing: SELECT id, number, name, parent_number, url, state, sort, enabled, type, push_btn, icon, delete_flag FROM jsh_function WHERE (enabled = ? AND parent_number = ? AND delete_flag <> ?) ORDER BY Sort 
2021/04/09-18:38:40 DEBUG [http-nio-9988-exec-9] com.jsh.erp.datasource.mappers.FunctionMapper.selectByExample - ==> Parameters: true(Boolean), 070403(String), 1(String)
2021/04/09-18:38:40 DEBUG [http-nio-9988-exec-9] com.jsh.erp.datasource.mappers.FunctionMapper.selectByExample - <==      Total: 0
2021/04/09-18:38:40 DEBUG [http-nio-9988-exec-9] com.jsh.erp.datasource.mappers.FunctionMapper.selectByExample - ==>  Preparing: SELECT id, number, name, parent_number, url, state, sort, enabled, type, push_btn, icon, delete_flag FROM jsh_function WHERE (enabled = ? AND parent_number = ? AND delete_flag <> ?) ORDER BY Sort 
2021/04/09-18:38:40 DEBUG [http-nio-9988-exec-9] com.jsh.erp.datasource.mappers.FunctionMapper.selectByExample - ==> Parameters: true(Boolean), 070404(String), 1(String)
2021/04/09-18:38:40 DEBUG [http-nio-9988-exec-9] com.jsh.erp.datasource.mappers.FunctionMapper.selectByExample - <==      Total: 0
2021/04/09-18:38:40 DEBUG [http-nio-9988-exec-9] com.jsh.erp.datasource.mappers.FunctionMapper.selectByExample - ==>  Preparing: SELECT id, number, name, parent_number, url, state, sort, enabled, type, push_btn, icon, delete_flag FROM jsh_function WHERE (enabled = ? AND parent_number = ? AND delete_flag <> ?) ORDER BY Sort 
2021/04/09-18:38:40 DEBUG [http-nio-9988-exec-9] com.jsh.erp.datasource.mappers.FunctionMapper.selectByExample - ==> Parameters: true(Boolean), 070405(String), 1(String)
2021/04/09-18:38:40 DEBUG [http-nio-9988-exec-9] com.jsh.erp.datasource.mappers.FunctionMapper.selectByExample - <==      Total: 0
2021/04/09-18:38:40 DEBUG [http-nio-9988-exec-9] com.jsh.erp.datasource.mappers.FunctionMapper.selectByExample - ==>  Preparing: SELECT id, number, name, parent_number, url, state, sort, enabled, type, push_btn, icon, delete_flag FROM jsh_function WHERE (enabled = ? AND parent_number = ? AND delete_flag <> ?) ORDER BY Sort 
2021/04/09-18:38:40 DEBUG [http-nio-9988-exec-9] com.jsh.erp.datasource.mappers.FunctionMapper.selectByExample - ==> Parameters: true(Boolean), 070406(String), 1(String)
2021/04/09-18:38:40 DEBUG [http-nio-9988-exec-9] com.jsh.erp.datasource.mappers.FunctionMapper.selectByExample - <==      Total: 0
2021/04/09-18:38:40 DEBUG [http-nio-9988-exec-9] com.jsh.erp.datasource.mappers.FunctionMapper.selectByExample - ==>  Preparing: SELECT id, number, name, parent_number, url, state, sort, enabled, type, push_btn, icon, delete_flag FROM jsh_function WHERE (enabled = ? AND parent_number = ? AND delete_flag <> ?) ORDER BY Sort 
2021/04/09-18:38:40 DEBUG [http-nio-9988-exec-9] com.jsh.erp.datasource.mappers.FunctionMapper.selectByExample - ==> Parameters: true(Boolean), 070407(String), 1(String)
2021/04/09-18:38:40 DEBUG [http-nio-9988-exec-9] com.jsh.erp.datasource.mappers.FunctionMapper.selectByExample - <==      Total: 0
2021/04/09-18:38:40 DEBUG [http-nio-9988-exec-9] com.jsh.erp.datasource.mappers.FunctionMapper.selectByExample - ==>  Preparing: SELECT id, number, name, parent_number, url, state, sort, enabled, type, push_btn, icon, delete_flag FROM jsh_function WHERE (enabled = ? AND parent_number = ? AND delete_flag <> ?) ORDER BY Sort 
2021/04/09-18:38:40 DEBUG [http-nio-9988-exec-9] com.jsh.erp.datasource.mappers.FunctionMapper.selectByExample - ==> Parameters: true(Boolean), 0301(String), 1(String)
2021/04/09-18:38:40 DEBUG [http-nio-9988-exec-9] com.jsh.erp.datasource.mappers.FunctionMapper.selectByExample - <==      Total: 11
2021/04/09-18:38:40 DEBUG [http-nio-9988-exec-9] com.jsh.erp.datasource.mappers.FunctionMapper.selectByExample - ==>  Preparing: SELECT id, number, name, parent_number, url, state, sort, enabled, type, push_btn, icon, delete_flag FROM jsh_function WHERE (enabled = ? AND parent_number = ? AND delete_flag <> ?) ORDER BY Sort 
2021/04/09-18:38:40 DEBUG [http-nio-9988-exec-9] com.jsh.erp.datasource.mappers.FunctionMapper.selectByExample - ==> Parameters: true(Boolean), 030101(String), 1(String)
2021/04/09-18:38:40 DEBUG [http-nio-9988-exec-9] com.jsh.erp.datasource.mappers.FunctionMapper.selectByExample - <==      Total: 0
2021/04/09-18:38:40 DEBUG [http-nio-9988-exec-9] com.jsh.erp.datasource.mappers.FunctionMapper.selectByExample - ==>  Preparing: SELECT id, number, name, parent_number, url, state, sort, enabled, type, push_btn, icon, delete_flag FROM jsh_function WHERE (enabled = ? AND parent_number = ? AND delete_flag <> ?) ORDER BY Sort 
2021/04/09-18:38:40 DEBUG [http-nio-9988-exec-9] com.jsh.erp.datasource.mappers.FunctionMapper.selectByExample - ==> Parameters: true(Boolean), 030102(String), 1(String)
2021/04/09-18:38:40 DEBUG [http-nio-9988-exec-9] com.jsh.erp.datasource.mappers.FunctionMapper.selectByExample - <==      Total: 0
2021/04/09-18:38:40 DEBUG [http-nio-9988-exec-9] com.jsh.erp.datasource.mappers.FunctionMapper.selectByExample - ==>  Preparing: SELECT id, number, name, parent_number, url, state, sort, enabled, type, push_btn, icon, delete_flag FROM jsh_function WHERE (enabled = ? AND parent_number = ? AND delete_flag <> ?) ORDER BY Sort 
2021/04/09-18:38:40 DEBUG [http-nio-9988-exec-9] com.jsh.erp.datasource.mappers.FunctionMapper.selectByExample - ==> Parameters: true(Boolean), 030103(String), 1(String)
2021/04/09-18:38:40 DEBUG [http-nio-9988-exec-9] com.jsh.erp.datasource.mappers.FunctionMapper.selectByExample - <==      Total: 0
2021/04/09-18:38:40 DEBUG [http-nio-9988-exec-9] com.jsh.erp.datasource.mappers.FunctionMapper.selectByExample - ==>  Preparing: SELECT id, number, name, parent_number, url, state, sort, enabled, type, push_btn, icon, delete_flag FROM jsh_function WHERE (enabled = ? AND parent_number = ? AND delete_flag <> ?) ORDER BY Sort 
2021/04/09-18:38:40 DEBUG [http-nio-9988-exec-9] com.jsh.erp.datasource.mappers.FunctionMapper.selectByExample - ==> Parameters: true(Boolean), 030104(String), 1(String)
2021/04/09-18:38:40 DEBUG [http-nio-9988-exec-9] com.jsh.erp.datasource.mappers.FunctionMapper.selectByExample - <==      Total: 0
2021/04/09-18:38:40 DEBUG [http-nio-9988-exec-9] com.jsh.erp.datasource.mappers.FunctionMapper.selectByExample - ==>  Preparing: SELECT id, number, name, parent_number, url, state, sort, enabled, type, push_btn, icon, delete_flag FROM jsh_function WHERE (enabled = ? AND parent_number = ? AND delete_flag <> ?) ORDER BY Sort 
2021/04/09-18:38:40 DEBUG [http-nio-9988-exec-9] com.jsh.erp.datasource.mappers.FunctionMapper.selectByExample - ==> Parameters: true(Boolean), 030106(String), 1(String)
2021/04/09-18:38:40 DEBUG [http-nio-9988-exec-9] com.jsh.erp.datasource.mappers.FunctionMapper.selectByExample - <==      Total: 0
2021/04/09-18:38:40 DEBUG [http-nio-9988-exec-9] com.jsh.erp.datasource.mappers.FunctionMapper.selectByExample - ==>  Preparing: SELECT id, number, name, parent_number, url, state, sort, enabled, type, push_btn, icon, delete_flag FROM jsh_function WHERE (enabled = ? AND parent_number = ? AND delete_flag <> ?) ORDER BY Sort 
2021/04/09-18:38:40 DEBUG [http-nio-9988-exec-9] com.jsh.erp.datasource.mappers.FunctionMapper.selectByExample - ==> Parameters: true(Boolean), 030107(String), 1(String)
2021/04/09-18:38:40 DEBUG [http-nio-9988-exec-9] com.jsh.erp.datasource.mappers.FunctionMapper.selectByExample - <==      Total: 0
2021/04/09-18:38:40 DEBUG [http-nio-9988-exec-9] com.jsh.erp.datasource.mappers.FunctionMapper.selectByExample - ==>  Preparing: SELECT id, number, name, parent_number, url, state, sort, enabled, type, push_btn, icon, delete_flag FROM jsh_function WHERE (enabled = ? AND parent_number = ? AND delete_flag <> ?) ORDER BY Sort 
2021/04/09-18:38:40 DEBUG [http-nio-9988-exec-9] com.jsh.erp.datasource.mappers.FunctionMapper.selectByExample - ==> Parameters: true(Boolean), 030108(String), 1(String)
2021/04/09-18:38:40 DEBUG [http-nio-9988-exec-9] com.jsh.erp.datasource.mappers.FunctionMapper.selectByExample - <==      Total: 0
2021/04/09-18:38:40 DEBUG [http-nio-9988-exec-9] com.jsh.erp.datasource.mappers.FunctionMapper.selectByExample - ==>  Preparing: SELECT id, number, name, parent_number, url, state, sort, enabled, type, push_btn, icon, delete_flag FROM jsh_function WHERE (enabled = ? AND parent_number = ? AND delete_flag <> ?) ORDER BY Sort 
2021/04/09-18:38:40 DEBUG [http-nio-9988-exec-9] com.jsh.erp.datasource.mappers.FunctionMapper.selectByExample - ==> Parameters: true(Boolean), 030109(String), 1(String)
2021/04/09-18:38:40 DEBUG [http-nio-9988-exec-9] com.jsh.erp.datasource.mappers.FunctionMapper.selectByExample - <==      Total: 0
2021/04/09-18:38:40 DEBUG [http-nio-9988-exec-9] com.jsh.erp.datasource.mappers.FunctionMapper.selectByExample - ==>  Preparing: SELECT id, number, name, parent_number, url, state, sort, enabled, type, push_btn, icon, delete_flag FROM jsh_function WHERE (enabled = ? AND parent_number = ? AND delete_flag <> ?) ORDER BY Sort 
2021/04/09-18:38:40 DEBUG [http-nio-9988-exec-9] com.jsh.erp.datasource.mappers.FunctionMapper.selectByExample - ==> Parameters: true(Boolean), 030110(String), 1(String)
2021/04/09-18:38:40 DEBUG [http-nio-9988-exec-9] com.jsh.erp.datasource.mappers.FunctionMapper.selectByExample - <==      Total: 0
2021/04/09-18:38:40 DEBUG [http-nio-9988-exec-9] com.jsh.erp.datasource.mappers.FunctionMapper.selectByExample - ==>  Preparing: SELECT id, number, name, parent_number, url, state, sort, enabled, type, push_btn, icon, delete_flag FROM jsh_function WHERE (enabled = ? AND parent_number = ? AND delete_flag <> ?) ORDER BY Sort 
2021/04/09-18:38:40 DEBUG [http-nio-9988-exec-9] com.jsh.erp.datasource.mappers.FunctionMapper.selectByExample - ==> Parameters: true(Boolean), 030111(String), 1(String)
2021/04/09-18:38:40 DEBUG [http-nio-9988-exec-9] com.jsh.erp.datasource.mappers.FunctionMapper.selectByExample - <==      Total: 0
2021/04/09-18:38:40 DEBUG [http-nio-9988-exec-9] com.jsh.erp.datasource.mappers.FunctionMapper.selectByExample - ==>  Preparing: SELECT id, number, name, parent_number, url, state, sort, enabled, type, push_btn, icon, delete_flag FROM jsh_function WHERE (enabled = ? AND parent_number = ? AND delete_flag <> ?) ORDER BY Sort 
2021/04/09-18:38:40 DEBUG [http-nio-9988-exec-9] com.jsh.erp.datasource.mappers.FunctionMapper.selectByExample - ==> Parameters: true(Boolean), 030112(String), 1(String)
2021/04/09-18:38:40 DEBUG [http-nio-9988-exec-9] com.jsh.erp.datasource.mappers.FunctionMapper.selectByExample - <==      Total: 0
2021/04/09-18:38:40 DEBUG [http-nio-9988-exec-9] com.jsh.erp.datasource.mappers.FunctionMapper.selectByExample - ==>  Preparing: SELECT id, number, name, parent_number, url, state, sort, enabled, type, push_btn, icon, delete_flag FROM jsh_function WHERE (enabled = ? AND parent_number = ? AND delete_flag <> ?) ORDER BY Sort 
2021/04/09-18:38:40 DEBUG [http-nio-9988-exec-9] com.jsh.erp.datasource.mappers.FunctionMapper.selectByExample - ==> Parameters: true(Boolean), 0102(String), 1(String)
2021/04/09-18:38:40 DEBUG [http-nio-9988-exec-9] com.jsh.erp.datasource.mappers.FunctionMapper.selectByExample - <==      Total: 7
2021/04/09-18:38:40 DEBUG [http-nio-9988-exec-9] com.jsh.erp.datasource.mappers.FunctionMapper.selectByExample - ==>  Preparing: SELECT id, number, name, parent_number, url, state, sort, enabled, type, push_btn, icon, delete_flag FROM jsh_function WHERE (enabled = ? AND parent_number = ? AND delete_flag <> ?) ORDER BY Sort 
2021/04/09-18:38:40 DEBUG [http-nio-9988-exec-9] com.jsh.erp.datasource.mappers.FunctionMapper.selectByExample - ==> Parameters: true(Boolean), 01020101(String), 1(String)
2021/04/09-18:38:40 DEBUG [http-nio-9988-exec-9] com.jsh.erp.datasource.mappers.FunctionMapper.selectByExample - <==      Total: 0
2021/04/09-18:38:40 DEBUG [http-nio-9988-exec-9] com.jsh.erp.datasource.mappers.FunctionMapper.selectByExample - ==>  Preparing: SELECT id, number, name, parent_number, url, state, sort, enabled, type, push_btn, icon, delete_flag FROM jsh_function WHERE (enabled = ? AND parent_number = ? AND delete_flag <> ?) ORDER BY Sort 
2021/04/09-18:38:40 DEBUG [http-nio-9988-exec-9] com.jsh.erp.datasource.mappers.FunctionMapper.selectByExample - ==> Parameters: true(Boolean), 01020102(String), 1(String)
2021/04/09-18:38:40 DEBUG [http-nio-9988-exec-9] com.jsh.erp.datasource.mappers.FunctionMapper.selectByExample - <==      Total: 0
2021/04/09-18:38:40 DEBUG [http-nio-9988-exec-9] com.jsh.erp.datasource.mappers.FunctionMapper.selectByExample - ==>  Preparing: SELECT id, number, name, parent_number, url, state, sort, enabled, type, push_btn, icon, delete_flag FROM jsh_function WHERE (enabled = ? AND parent_number = ? AND delete_flag <> ?) ORDER BY Sort 
2021/04/09-18:38:40 DEBUG [http-nio-9988-exec-9] com.jsh.erp.datasource.mappers.FunctionMapper.selectByExample - ==> Parameters: true(Boolean), 01020103(String), 1(String)
2021/04/09-18:38:40 DEBUG [http-nio-9988-exec-9] com.jsh.erp.datasource.mappers.FunctionMapper.selectByExample - <==      Total: 0
2021/04/09-18:38:40 DEBUG [http-nio-9988-exec-9] com.jsh.erp.datasource.mappers.FunctionMapper.selectByExample - ==>  Preparing: SELECT id, number, name, parent_number, url, state, sort, enabled, type, push_btn, icon, delete_flag FROM jsh_function WHERE (enabled = ? AND parent_number = ? AND delete_flag <> ?) ORDER BY Sort 
2021/04/09-18:38:40 DEBUG [http-nio-9988-exec-9] com.jsh.erp.datasource.mappers.FunctionMapper.selectByExample - ==> Parameters: true(Boolean), 010202(String), 1(String)
2021/04/09-18:38:40 DEBUG [http-nio-9988-exec-9] com.jsh.erp.datasource.mappers.FunctionMapper.selectByExample - <==      Total: 0
2021/04/09-18:38:40 DEBUG [http-nio-9988-exec-9] com.jsh.erp.datasource.mappers.FunctionMapper.selectByExample - ==>  Preparing: SELECT id, number, name, parent_number, url, state, sort, enabled, type, push_btn, icon, delete_flag FROM jsh_function WHERE (enabled = ? AND parent_number = ? AND delete_flag <> ?) ORDER BY Sort 
2021/04/09-18:38:40 DEBUG [http-nio-9988-exec-9] com.jsh.erp.datasource.mappers.FunctionMapper.selectByExample - ==> Parameters: true(Boolean), 010204(String), 1(String)
2021/04/09-18:38:40 DEBUG [http-nio-9988-exec-9] com.jsh.erp.datasource.mappers.FunctionMapper.selectByExample - <==      Total: 0
2021/04/09-18:38:40 DEBUG [http-nio-9988-exec-9] com.jsh.erp.datasource.mappers.FunctionMapper.selectByExample - ==>  Preparing: SELECT id, number, name, parent_number, url, state, sort, enabled, type, push_btn, icon, delete_flag FROM jsh_function WHERE (enabled = ? AND parent_number = ? AND delete_flag <> ?) ORDER BY Sort 
2021/04/09-18:38:40 DEBUG [http-nio-9988-exec-9] com.jsh.erp.datasource.mappers.FunctionMapper.selectByExample - ==> Parameters: true(Boolean), 010205(String), 1(String)
2021/04/09-18:38:40 DEBUG [http-nio-9988-exec-9] com.jsh.erp.datasource.mappers.FunctionMapper.selectByExample - <==      Total: 0
2021/04/09-18:38:40 DEBUG [http-nio-9988-exec-9] com.jsh.erp.datasource.mappers.FunctionMapper.selectByExample - ==>  Preparing: SELECT id, number, name, parent_number, url, state, sort, enabled, type, push_btn, icon, delete_flag FROM jsh_function WHERE (enabled = ? AND parent_number = ? AND delete_flag <> ?) ORDER BY Sort 
2021/04/09-18:38:40 DEBUG [http-nio-9988-exec-9] com.jsh.erp.datasource.mappers.FunctionMapper.selectByExample - ==> Parameters: true(Boolean), 010206(String), 1(String)
2021/04/09-18:38:40 DEBUG [http-nio-9988-exec-9] com.jsh.erp.datasource.mappers.FunctionMapper.selectByExample - <==      Total: 0
2021/04/09-18:38:40 DEBUG [http-nio-9988-exec-9] com.jsh.erp.datasource.mappers.FunctionMapper.selectByExample - ==>  Preparing: SELECT id, number, name, parent_number, url, state, sort, enabled, type, push_btn, icon, delete_flag FROM jsh_function WHERE (enabled = ? AND parent_number = ? AND delete_flag <> ?) ORDER BY Sort 
2021/04/09-18:38:40 DEBUG [http-nio-9988-exec-9] com.jsh.erp.datasource.mappers.FunctionMapper.selectByExample - ==> Parameters: true(Boolean), 0001(String), 1(String)
2021/04/09-18:38:40 DEBUG [http-nio-9988-exec-9] com.jsh.erp.datasource.mappers.FunctionMapper.selectByExample - <==      Total: 8
2021/04/09-18:38:40 DEBUG [http-nio-9988-exec-9] com.jsh.erp.datasource.mappers.FunctionMapper.selectByExample - ==>  Preparing: SELECT id, number, name, parent_number, url, state, sort, enabled, type, push_btn, icon, delete_flag FROM jsh_function WHERE (enabled = ? AND parent_number = ? AND delete_flag <> ?) ORDER BY Sort 
2021/04/09-18:38:40 DEBUG [http-nio-9988-exec-9] com.jsh.erp.datasource.mappers.FunctionMapper.selectByExample - ==> Parameters: true(Boolean), 000102(String), 1(String)
2021/04/09-18:38:40 DEBUG [http-nio-9988-exec-9] com.jsh.erp.datasource.mappers.FunctionMapper.selectByExample - <==      Total: 0
2021/04/09-18:38:40 DEBUG [http-nio-9988-exec-9] com.jsh.erp.datasource.mappers.FunctionMapper.selectByExample - ==>  Preparing: SELECT id, number, name, parent_number, url, state, sort, enabled, type, push_btn, icon, delete_flag FROM jsh_function WHERE (enabled = ? AND parent_number = ? AND delete_flag <> ?) ORDER BY Sort 
2021/04/09-18:38:40 DEBUG [http-nio-9988-exec-9] com.jsh.erp.datasource.mappers.FunctionMapper.selectByExample - ==> Parameters: true(Boolean), 000103(String), 1(String)
2021/04/09-18:38:40 DEBUG [http-nio-9988-exec-9] com.jsh.erp.datasource.mappers.FunctionMapper.selectByExample - <==      Total: 0
2021/04/09-18:38:40 DEBUG [http-nio-9988-exec-9] com.jsh.erp.datasource.mappers.FunctionMapper.selectByExample - ==>  Preparing: SELECT id, number, name, parent_number, url, state, sort, enabled, type, push_btn, icon, delete_flag FROM jsh_function WHERE (enabled = ? AND parent_number = ? AND delete_flag <> ?) ORDER BY Sort 
2021/04/09-18:38:40 DEBUG [http-nio-9988-exec-9] com.jsh.erp.datasource.mappers.FunctionMapper.selectByExample - ==> Parameters: true(Boolean), 000108(String), 1(String)
2021/04/09-18:38:40 DEBUG [http-nio-9988-exec-9] com.jsh.erp.datasource.mappers.FunctionMapper.selectByExample - <==      Total: 0
2021/04/09-18:38:40 DEBUG [http-nio-9988-exec-9] com.jsh.erp.datasource.mappers.FunctionMapper.selectByExample - ==>  Preparing: SELECT id, number, name, parent_number, url, state, sort, enabled, type, push_btn, icon, delete_flag FROM jsh_function WHERE (enabled = ? AND parent_number = ? AND delete_flag <> ?) ORDER BY Sort 
2021/04/09-18:38:40 DEBUG [http-nio-9988-exec-9] com.jsh.erp.datasource.mappers.FunctionMapper.selectByExample - ==> Parameters: true(Boolean), 000104(String), 1(String)
2021/04/09-18:38:40 DEBUG [http-nio-9988-exec-9] com.jsh.erp.datasource.mappers.FunctionMapper.selectByExample - <==      Total: 0
2021/04/09-18:38:40 DEBUG [http-nio-9988-exec-9] com.jsh.erp.datasource.mappers.FunctionMapper.selectByExample - ==>  Preparing: SELECT id, number, name, parent_number, url, state, sort, enabled, type, push_btn, icon, delete_flag FROM jsh_function WHERE (enabled = ? AND parent_number = ? AND delete_flag <> ?) ORDER BY Sort 
2021/04/09-18:38:40 DEBUG [http-nio-9988-exec-9] com.jsh.erp.datasource.mappers.FunctionMapper.selectByExample - ==> Parameters: true(Boolean), 000105(String), 1(String)
2021/04/09-18:38:40 DEBUG [http-nio-9988-exec-9] com.jsh.erp.datasource.mappers.FunctionMapper.selectByExample - <==      Total: 0
2021/04/09-18:38:40 DEBUG [http-nio-9988-exec-9] com.jsh.erp.datasource.mappers.FunctionMapper.selectByExample - ==>  Preparing: SELECT id, number, name, parent_number, url, state, sort, enabled, type, push_btn, icon, delete_flag FROM jsh_function WHERE (enabled = ? AND parent_number = ? AND delete_flag <> ?) ORDER BY Sort 
2021/04/09-18:38:40 DEBUG [http-nio-9988-exec-9] com.jsh.erp.datasource.mappers.FunctionMapper.selectByExample - ==> Parameters: true(Boolean), 000105(String), 1(String)
2021/04/09-18:38:40 DEBUG [http-nio-9988-exec-9] com.jsh.erp.datasource.mappers.FunctionMapper.selectByExample - <==      Total: 0
2021/04/09-18:38:40 DEBUG [http-nio-9988-exec-9] com.jsh.erp.datasource.mappers.FunctionMapper.selectByExample - ==>  Preparing: SELECT id, number, name, parent_number, url, state, sort, enabled, type, push_btn, icon, delete_flag FROM jsh_function WHERE (enabled = ? AND parent_number = ? AND delete_flag <> ?) ORDER BY Sort 
2021/04/09-18:38:40 DEBUG [http-nio-9988-exec-9] com.jsh.erp.datasource.mappers.FunctionMapper.selectByExample - ==> Parameters: true(Boolean), 000106(String), 1(String)
2021/04/09-18:38:40 DEBUG [http-nio-9988-exec-9] com.jsh.erp.datasource.mappers.FunctionMapper.selectByExample - <==      Total: 0
2021/04/09-18:38:40 DEBUG [http-nio-9988-exec-9] com.jsh.erp.datasource.mappers.FunctionMapper.selectByExample - ==>  Preparing: SELECT id, number, name, parent_number, url, state, sort, enabled, type, push_btn, icon, delete_flag FROM jsh_function WHERE (enabled = ? AND parent_number = ? AND delete_flag <> ?) ORDER BY Sort 
2021/04/09-18:38:40 DEBUG [http-nio-9988-exec-9] com.jsh.erp.datasource.mappers.FunctionMapper.selectByExample - ==> Parameters: true(Boolean), 000107(String), 1(String)
2021/04/09-18:38:40 DEBUG [http-nio-9988-exec-9] com.jsh.erp.datasource.mappers.FunctionMapper.selectByExample - <==      Total: 0
2021/04/09-18:38:40 DEBUG [http-nio-9988-exec-10] com.jsh.erp.datasource.mappers.MsgMapperEx.getMsgCountByStatus - ==>  Preparing: SELECT COUNT(id) FROM jsh_msg WHERE jsh_msg.tenant_id = 63 AND 1 = 1 AND ifnull(delete_Flag, '0') != '1' AND status = '1' 
2021/04/09-18:38:40 DEBUG [http-nio-9988-exec-10] com.jsh.erp.datasource.mappers.MsgMapperEx.getMsgCountByStatus - ==> Parameters: 
2021/04/09-18:38:40 DEBUG [http-nio-9988-exec-10] com.jsh.erp.datasource.mappers.MsgMapperEx.getMsgCountByStatus - <==      Total: 1
2021/04/09-18:38:41 DEBUG [http-nio-9988-exec-2] com.jsh.erp.datasource.mappers.DepotItemMapperEx.inOrOutPrice - ==>  Preparing: SELECT ifnull(sum(discount_last_money), 0) AS allMoney FROM jsh_depot_head dh WHERE dh.tenant_id = 63 AND 1 = 1 AND dh.type = '入库' AND dh.sub_type = '采购' AND dh.oper_time >= '2020-11-01 00:00:00' AND dh.oper_time <= '2020-11-31 23:59:59' AND ifnull(dh.delete_flag, '0') != '1' 
2021/04/09-18:38:41 DEBUG [http-nio-9988-exec-2] com.jsh.erp.datasource.mappers.DepotItemMapperEx.inOrOutPrice - ==> Parameters: 
2021/04/09-18:38:41 DEBUG [http-nio-9988-exec-1] com.jsh.erp.datasource.mappers.DepotHeadMapperEx.getBuyAndSaleStatistics - ==>  Preparing: SELECT ifnull(sum(discount_last_money), 0) FROM jsh_depot_head WHERE jsh_depot_head.tenant_id = 63 AND 1 = 1 AND type = '出库' AND sub_type = '销售' AND organ_id IS NOT NULL AND oper_time >= '2021-04-09 00:00:00' AND oper_time <= '2021-04-09 18:38:41' AND ifnull(delete_flag, '0') != '1' 
2021/04/09-18:38:41 DEBUG [http-nio-9988-exec-1] com.jsh.erp.datasource.mappers.DepotHeadMapperEx.getBuyAndSaleStatistics - ==> Parameters: 
2021/04/09-18:38:41 DEBUG [http-nio-9988-exec-1] com.jsh.erp.datasource.mappers.DepotHeadMapperEx.getBuyAndSaleStatistics - <==      Total: 1
2021/04/09-18:38:41 DEBUG [http-nio-9988-exec-1] com.jsh.erp.datasource.mappers.DepotHeadMapperEx.getBuyAndSaleRetailStatistics - ==>  Preparing: SELECT ifnull(sum(total_price), 0) FROM jsh_depot_head WHERE jsh_depot_head.tenant_id = 63 AND 1 = 1 AND type = '出库' AND sub_type = '零售' AND organ_id IS NULL AND oper_time >= '2021-04-09 00:00:00' AND oper_time <= '2021-04-09 18:38:41' AND ifnull(delete_flag, '0') != '1' 
2021/04/09-18:38:41 DEBUG [http-nio-9988-exec-1] com.jsh.erp.datasource.mappers.DepotHeadMapperEx.getBuyAndSaleRetailStatistics - ==> Parameters: 
2021/04/09-18:38:41 DEBUG [http-nio-9988-exec-1] com.jsh.erp.datasource.mappers.DepotHeadMapperEx.getBuyAndSaleRetailStatistics - <==      Total: 1
2021/04/09-18:38:41 DEBUG [http-nio-9988-exec-1] com.jsh.erp.datasource.mappers.DepotHeadMapperEx.getBuyAndSaleStatistics - ==>  Preparing: SELECT ifnull(sum(discount_last_money), 0) FROM jsh_depot_head WHERE jsh_depot_head.tenant_id = 63 AND 1 = 1 AND type = '入库' AND sub_type = '采购' AND organ_id IS NOT NULL AND oper_time >= '2021-04-09 00:00:00' AND oper_time <= '2021-04-09 18:38:41' AND ifnull(delete_flag, '0') != '1' 
2021/04/09-18:38:41 DEBUG [http-nio-9988-exec-1] com.jsh.erp.datasource.mappers.DepotHeadMapperEx.getBuyAndSaleStatistics - ==> Parameters: 
2021/04/09-18:38:41 ERROR [http-nio-9988-exec-2] com.jsh.erp.service.depotItem.DepotItemService - 异常码[300],异常提示[数据查询异常],异常[{}]
org.springframework.jdbc.UncategorizedSQLException: 
### Error querying database.  Cause: java.sql.SQLException: Incorrect DATETIME value: '2020-11-31 23:59:59'
### The error may exist in file [/home/jake/Jake/idea/WMERP/target/classes/mapper_xml/DepotItemMapperEx.xml]
### The error may involve defaultParameterMap
### The error occurred while setting parameters
### SQL: SELECT ifnull(sum(discount_last_money), 0) AS allMoney FROM jsh_depot_head dh WHERE dh.tenant_id = 63 AND 1 = 1 AND dh.type = '入库' AND dh.sub_type = '采购' AND dh.oper_time >= '2020-11-01 00:00:00' AND dh.oper_time <= '2020-11-31 23:59:59' AND ifnull(dh.delete_flag, '0') != '1'
### Cause: java.sql.SQLException: Incorrect DATETIME value: '2020-11-31 23:59:59'
; uncategorized SQLException; SQL state [HY000]; error code [1525]; Incorrect DATETIME value: '2020-11-31 23:59:59'; nested exception is java.sql.SQLException: Incorrect DATETIME value: '2020-11-31 23:59:59'
	at org.springframework.jdbc.support.AbstractFallbackSQLExceptionTranslator.translate(AbstractFallbackSQLExceptionTranslator.java:89)
	at org.springframework.jdbc.support.AbstractFallbackSQLExceptionTranslator.translate(AbstractFallbackSQLExceptionTranslator.java:81)
	at org.springframework.jdbc.support.AbstractFallbackSQLExceptionTranslator.translate(AbstractFallbackSQLExceptionTranslator.java:81)
	at org.mybatis.spring.MyBatisExceptionTranslator.translateExceptionIfPossible(MyBatisExceptionTranslator.java:73)
	at org.mybatis.spring.SqlSessionTemplate$SqlSessionInterceptor.invoke(SqlSessionTemplate.java:446)
	at com.sun.proxy.$Proxy83.selectOne(Unknown Source)
	at org.mybatis.spring.SqlSessionTemplate.selectOne(SqlSessionTemplate.java:166)
	at com.baomidou.mybatisplus.core.override.PageMapperMethod.execute(PageMapperMethod.java:101)
	at com.baomidou.mybatisplus.core.override.PageMapperProxy.invoke(PageMapperProxy.java:64)
	at com.sun.proxy.$Proxy113.inOrOutPrice(Unknown Source)
	at com.jsh.erp.service.depotItem.DepotItemService.inOrOutPrice(DepotItemService.java:289)
	at com.jsh.erp.service.depotItem.DepotItemService$$FastClassBySpringCGLIB$$1772d375.invoke(<generated>)
	at org.springframework.cglib.proxy.MethodProxy.invoke(MethodProxy.java:204)
	at org.springframework.aop.framework.CglibAopProxy$DynamicAdvisedInterceptor.intercept(CglibAopProxy.java:685)
	at com.jsh.erp.service.depotItem.DepotItemService$$EnhancerBySpringCGLIB$$3f4d7ad.inOrOutPrice(<generated>)
	at com.jsh.erp.controller.DepotItemController.buyOrSalePrice(DepotItemController.java:677)
	at sun.reflect.NativeMethodAccessorImpl.invoke0(Native Method)
	at sun.reflect.NativeMethodAccessorImpl.invoke(NativeMethodAccessorImpl.java:62)
	at sun.reflect.DelegatingMethodAccessorImpl.invoke(DelegatingMethodAccessorImpl.java:43)
	at java.lang.reflect.Method.invoke(Method.java:498)
	at org.springframework.web.method.support.InvocableHandlerMethod.doInvoke(InvocableHandlerMethod.java:209)
	at org.springframework.web.method.support.InvocableHandlerMethod.invokeForRequest(InvocableHandlerMethod.java:136)
	at org.springframework.web.servlet.mvc.method.annotation.ServletInvocableHandlerMethod.invokeAndHandle(ServletInvocableHandlerMethod.java:102)
	at org.springframework.web.servlet.mvc.method.annotation.RequestMappingHandlerAdapter.invokeHandlerMethod(RequestMappingHandlerAdapter.java:870)
	at org.springframework.web.servlet.mvc.method.annotation.RequestMappingHandlerAdapter.handleInternal(RequestMappingHandlerAdapter.java:776)
	at org.springframework.web.servlet.mvc.method.AbstractHandlerMethodAdapter.handle(AbstractHandlerMethodAdapter.java:87)
	at org.springframework.web.servlet.DispatcherServlet.doDispatch(DispatcherServlet.java:991)
	at org.springframework.web.servlet.DispatcherServlet.doService(DispatcherServlet.java:925)
	at org.springframework.web.servlet.FrameworkServlet.processRequest(FrameworkServlet.java:978)
	at org.springframework.web.servlet.FrameworkServlet.doGet(FrameworkServlet.java:870)
	at javax.servlet.http.HttpServlet.service(HttpServlet.java:635)
	at org.springframework.web.servlet.FrameworkServlet.service(FrameworkServlet.java:855)
	at javax.servlet.http.HttpServlet.service(HttpServlet.java:742)
	at org.apache.catalina.core.ApplicationFilterChain.internalDoFilter(ApplicationFilterChain.java:231)
	at org.apache.catalina.core.ApplicationFilterChain.doFilter(ApplicationFilterChain.java:166)
	at org.apache.tomcat.websocket.server.WsFilter.doFilter(WsFilter.java:52)
	at org.apache.catalina.core.ApplicationFilterChain.internalDoFilter(ApplicationFilterChain.java:193)
	at org.apache.catalina.core.ApplicationFilterChain.doFilter(ApplicationFilterChain.java:166)
	at com.jsh.erp.filter.LogCostFilter.doFilter(LogCostFilter.java:52)
	at org.apache.catalina.core.ApplicationFilterChain.internalDoFilter(ApplicationFilterChain.java:193)
	at org.apache.catalina.core.ApplicationFilterChain.doFilter(ApplicationFilterChain.java:166)
	at org.springframework.web.filter.RequestContextFilter.doFilterInternal(RequestContextFilter.java:99)
	at org.springframework.web.filter.OncePerRequestFilter.doFilter(OncePerRequestFilter.java:107)
	at org.apache.catalina.core.ApplicationFilterChain.internalDoFilter(ApplicationFilterChain.java:193)
	at org.apache.catalina.core.ApplicationFilterChain.doFilter(ApplicationFilterChain.java:166)
	at org.springframework.web.filter.HttpPutFormContentFilter.doFilterInternal(HttpPutFormContentFilter.java:109)
	at org.springframework.web.filter.OncePerRequestFilter.doFilter(OncePerRequestFilter.java:107)
	at org.apache.catalina.core.ApplicationFilterChain.internalDoFilter(ApplicationFilterChain.java:193)
	at org.apache.catalina.core.ApplicationFilterChain.doFilter(ApplicationFilterChain.java:166)
	at org.springframework.web.filter.HiddenHttpMethodFilter.doFilterInternal(HiddenHttpMethodFilter.java:81)
	at org.springframework.web.filter.OncePerRequestFilter.doFilter(OncePerRequestFilter.java:107)
	at org.apache.catalina.core.ApplicationFilterChain.internalDoFilter(ApplicationFilterChain.java:193)
	at org.apache.catalina.core.ApplicationFilterChain.doFilter(ApplicationFilterChain.java:166)
	at org.springframework.web.filter.CharacterEncodingFilter.doFilterInternal(CharacterEncodingFilter.java:200)
	at org.springframework.web.filter.OncePerRequestFilter.doFilter(OncePerRequestFilter.java:107)
	at org.apache.catalina.core.ApplicationFilterChain.internalDoFilter(ApplicationFilterChain.java:193)
	at org.apache.catalina.core.ApplicationFilterChain.doFilter(ApplicationFilterChain.java:166)
	at org.apache.catalina.core.StandardWrapperValve.invoke(StandardWrapperValve.java:199)
	at org.apache.catalina.core.StandardContextValve.invoke(StandardContextValve.java:96)
	at org.apache.catalina.authenticator.AuthenticatorBase.invoke(AuthenticatorBase.java:496)
	at org.apache.catalina.core.StandardHostValve.invoke(StandardHostValve.java:140)
	at org.apache.catalina.valves.ErrorReportValve.invoke(ErrorReportValve.java:81)
	at org.apache.catalina.core.StandardEngineValve.invoke(StandardEngineValve.java:87)
	at org.apache.catalina.connector.CoyoteAdapter.service(CoyoteAdapter.java:342)
	at org.apache.coyote.http11.Http11Processor.service(Http11Processor.java:803)
	at org.apache.coyote.AbstractProcessorLight.process(AbstractProcessorLight.java:66)
	at org.apache.coyote.AbstractProtocol$ConnectionHandler.process(AbstractProtocol.java:790)
	at org.apache.tomcat.util.net.NioEndpoint$SocketProcessor.doRun(NioEndpoint.java:1459)
	at org.apache.tomcat.util.net.SocketProcessorBase.run(SocketProcessorBase.java:49)
	at java.util.concurrent.ThreadPoolExecutor.runWorker(ThreadPoolExecutor.java:1149)
	at java.util.concurrent.ThreadPoolExecutor$Worker.run(ThreadPoolExecutor.java:624)
	at org.apache.tomcat.util.threads.TaskThread$WrappingRunnable.run(TaskThread.java:61)
	at java.lang.Thread.run(Thread.java:748)
Caused by: java.sql.SQLException: Incorrect DATETIME value: '2020-11-31 23:59:59'
	at com.mysql.cj.jdbc.exceptions.SQLError.createSQLException(SQLError.java:129)
	at com.mysql.cj.jdbc.exceptions.SQLError.createSQLException(SQLError.java:97)
	at com.mysql.cj.jdbc.exceptions.SQLExceptionsMapping.translateException(SQLExceptionsMapping.java:122)
	at com.mysql.cj.jdbc.ClientPreparedStatement.executeInternal(ClientPreparedStatement.java:953)
	at com.mysql.cj.jdbc.ClientPreparedStatement.execute(ClientPreparedStatement.java:370)
	at com.zaxxer.hikari.pool.ProxyPreparedStatement.execute(ProxyPreparedStatement.java:44)
	at com.zaxxer.hikari.pool.HikariProxyPreparedStatement.execute(HikariProxyPreparedStatement.java)
	at sun.reflect.GeneratedMethodAccessor113.invoke(Unknown Source)
	at sun.reflect.DelegatingMethodAccessorImpl.invoke(DelegatingMethodAccessorImpl.java:43)
	at java.lang.reflect.Method.invoke(Method.java:498)
	at org.apache.ibatis.logging.jdbc.PreparedStatementLogger.invoke(PreparedStatementLogger.java:59)
	at com.sun.proxy.$Proxy188.execute(Unknown Source)
	at org.apache.ibatis.executor.statement.PreparedStatementHandler.query(PreparedStatementHandler.java:63)
	at org.apache.ibatis.executor.statement.RoutingStatementHandler.query(RoutingStatementHandler.java:79)
	at sun.reflect.GeneratedMethodAccessor97.invoke(Unknown Source)
	at sun.reflect.DelegatingMethodAccessorImpl.invoke(DelegatingMethodAccessorImpl.java:43)
	at java.lang.reflect.Method.invoke(Method.java:498)
	at org.apache.ibatis.plugin.Plugin.invoke(Plugin.java:63)
	at com.sun.proxy.$Proxy187.query(Unknown Source)
	at sun.reflect.GeneratedMethodAccessor97.invoke(Unknown Source)
	at sun.reflect.DelegatingMethodAccessorImpl.invoke(DelegatingMethodAccessorImpl.java:43)
	at java.lang.reflect.Method.invoke(Method.java:498)
	at org.apache.ibatis.plugin.Invocation.proceed(Invocation.java:49)
	at com.baomidou.mybatisplus.extension.plugins.PerformanceInterceptor.intercept(PerformanceInterceptor.java:174)
	at org.apache.ibatis.plugin.Plugin.invoke(Plugin.java:61)
	at com.sun.proxy.$Proxy187.query(Unknown Source)
	at org.apache.ibatis.executor.SimpleExecutor.doQuery(SimpleExecutor.java:63)
	at org.apache.ibatis.executor.BaseExecutor.queryFromDatabase(BaseExecutor.java:326)
	at org.apache.ibatis.executor.BaseExecutor.query(BaseExecutor.java:156)
	at org.apache.ibatis.executor.CachingExecutor.query(CachingExecutor.java:109)
	at org.apache.ibatis.executor.CachingExecutor.query(CachingExecutor.java:83)
	at org.apache.ibatis.session.defaults.DefaultSqlSession.selectList(DefaultSqlSession.java:148)
	at org.apache.ibatis.session.defaults.DefaultSqlSession.selectList(DefaultSqlSession.java:141)
	at org.apache.ibatis.session.defaults.DefaultSqlSession.selectOne(DefaultSqlSession.java:77)
	at sun.reflect.NativeMethodAccessorImpl.invoke0(Native Method)
	at sun.reflect.NativeMethodAccessorImpl.invoke(NativeMethodAccessorImpl.java:62)
	at sun.reflect.DelegatingMethodAccessorImpl.invoke(DelegatingMethodAccessorImpl.java:43)
	at java.lang.reflect.Method.invoke(Method.java:498)
	at org.mybatis.spring.SqlSessionTemplate$SqlSessionInterceptor.invoke(SqlSessionTemplate.java:433)
	... 68 common frames omitted
2021/04/09-18:38:41 DEBUG [http-nio-9988-exec-1] com.jsh.erp.datasource.mappers.DepotHeadMapperEx.getBuyAndSaleStatistics - <==      Total: 1
2021/04/09-18:38:41 DEBUG [http-nio-9988-exec-1] com.jsh.erp.datasource.mappers.DepotHeadMapperEx.getBuyAndSaleStatistics - ==>  Preparing: SELECT ifnull(sum(discount_last_money), 0) FROM jsh_depot_head WHERE jsh_depot_head.tenant_id = 63 AND 1 = 1 AND type = '出库' AND sub_type = '销售' AND organ_id IS NOT NULL AND oper_time >= '2021-04-01 00:00:00' AND oper_time <= '2021-04-09 18:38:41' AND ifnull(delete_flag, '0') != '1' 
2021/04/09-18:38:41 DEBUG [http-nio-9988-exec-1] com.jsh.erp.datasource.mappers.DepotHeadMapperEx.getBuyAndSaleStatistics - ==> Parameters: 
2021/04/09-18:38:41 DEBUG [http-nio-9988-exec-1] com.jsh.erp.datasource.mappers.DepotHeadMapperEx.getBuyAndSaleStatistics - <==      Total: 1
2021/04/09-18:38:41 DEBUG [http-nio-9988-exec-1] com.jsh.erp.datasource.mappers.DepotHeadMapperEx.getBuyAndSaleRetailStatistics - ==>  Preparing: SELECT ifnull(sum(total_price), 0) FROM jsh_depot_head WHERE jsh_depot_head.tenant_id = 63 AND 1 = 1 AND type = '出库' AND sub_type = '零售' AND organ_id IS NULL AND oper_time >= '2021-04-01 00:00:00' AND oper_time <= '2021-04-09 18:38:41' AND ifnull(delete_flag, '0') != '1' 
2021/04/09-18:38:41 DEBUG [http-nio-9988-exec-1] com.jsh.erp.datasource.mappers.DepotHeadMapperEx.getBuyAndSaleRetailStatistics - ==> Parameters: 
2021/04/09-18:38:41 DEBUG [http-nio-9988-exec-1] com.jsh.erp.datasource.mappers.DepotHeadMapperEx.getBuyAndSaleRetailStatistics - <==      Total: 1
2021/04/09-18:38:41 DEBUG [http-nio-9988-exec-1] com.jsh.erp.datasource.mappers.DepotHeadMapperEx.getBuyAndSaleStatistics - ==>  Preparing: SELECT ifnull(sum(discount_last_money), 0) FROM jsh_depot_head WHERE jsh_depot_head.tenant_id = 63 AND 1 = 1 AND type = '入库' AND sub_type = '采购' AND organ_id IS NOT NULL AND oper_time >= '2021-04-01 00:00:00' AND oper_time <= '2021-04-09 18:38:41' AND ifnull(delete_flag, '0') != '1' 
2021/04/09-18:38:41 DEBUG [http-nio-9988-exec-1] com.jsh.erp.datasource.mappers.DepotHeadMapperEx.getBuyAndSaleStatistics - ==> Parameters: 
2021/04/09-18:38:41 DEBUG [http-nio-9988-exec-1] com.jsh.erp.datasource.mappers.DepotHeadMapperEx.getBuyAndSaleStatistics - <==      Total: 1
2021/04/09-18:38:46 DEBUG [http-nio-9988-exec-3] com.jsh.erp.datasource.mappers.MaterialMapperEx.getMaxBarCode - ==>  Preparing: SELECT max(CAST(l.bar_code AS SIGNED)) bar_code FROM jsh_material_extend l WHERE l.tenant_id = 63 AND 1 = 1 AND ifnull(l.delete_Flag, '0') != '1' 
2021/04/09-18:38:46 DEBUG [http-nio-9988-exec-3] com.jsh.erp.datasource.mappers.MaterialMapperEx.getMaxBarCode - ==> Parameters: 
2021/04/09-18:38:46 DEBUG [http-nio-9988-exec-3] com.jsh.erp.datasource.mappers.MaterialMapperEx.getMaxBarCode - <==      Total: 1
2021/04/09-18:38:46 DEBUG [http-nio-9988-exec-4] com.jsh.erp.datasource.mappers.MaterialPropertyMapperEx.selectByConditionMaterialProperty - ==>  Preparing: SELECT * FROM jsh_material_property WHERE 1 = 1 AND native_name LIKE '%%' AND ifnull(delete_flag, '0') != '1' LIMIT ?, ? 
2021/04/09-18:38:46 DEBUG [http-nio-9988-exec-4] com.jsh.erp.datasource.mappers.MaterialPropertyMapperEx.selectByConditionMaterialProperty - ==> Parameters: 0(Integer), 100(Integer)
2021/04/09-18:38:46 DEBUG [http-nio-9988-exec-5] com.jsh.erp.datasource.mappers.MaterialMapperEx.getMaterialNameList - ==>  Preparing: SELECT m.name FROM jsh_material m WHERE m.tenant_id = 63 AND m.name IS NOT NULL AND m.name != '' AND ifnull(m.delete_flag, '0') != '1' GROUP BY m.name ORDER BY m.name ASC 
2021/04/09-18:38:46 DEBUG [http-nio-9988-exec-4] com.jsh.erp.datasource.mappers.MaterialPropertyMapperEx.selectByConditionMaterialProperty - <==      Total: 4
2021/04/09-18:38:46 DEBUG [http-nio-9988-exec-4] com.jsh.erp.datasource.mappers.MaterialPropertyMapperEx.countsByMaterialProperty - ==>  Preparing: SELECT COUNT(id) FROM jsh_material_property WHERE 1 = 1 AND native_name LIKE '%%' AND ifnull(delete_flag, '0') != '1' 
2021/04/09-18:38:46 DEBUG [http-nio-9988-exec-5] com.jsh.erp.datasource.mappers.MaterialMapperEx.getMaterialNameList - ==> Parameters: 
2021/04/09-18:38:46 DEBUG [http-nio-9988-exec-4] com.jsh.erp.datasource.mappers.MaterialPropertyMapperEx.countsByMaterialProperty - ==> Parameters: 
2021/04/09-18:38:46 DEBUG [http-nio-9988-exec-5] com.jsh.erp.datasource.mappers.MaterialMapperEx.getMaterialNameList - <==      Total: 2
2021/04/09-18:38:46 DEBUG [http-nio-9988-exec-4] com.jsh.erp.datasource.mappers.MaterialPropertyMapperEx.countsByMaterialProperty - <==      Total: 1
2021/04/09-18:38:47 DEBUG [http-nio-9988-exec-6] com.jsh.erp.datasource.mappers.MaterialPropertyMapperEx.selectByConditionMaterialProperty - ==>  Preparing: SELECT * FROM jsh_material_property WHERE 1 = 1 AND native_name LIKE '%%' AND ifnull(delete_flag, '0') != '1' LIMIT ?, ? 
2021/04/09-18:38:47 DEBUG [http-nio-9988-exec-6] com.jsh.erp.datasource.mappers.MaterialPropertyMapperEx.selectByConditionMaterialProperty - ==> Parameters: 0(Integer), 100(Integer)
2021/04/09-18:38:47 DEBUG [http-nio-9988-exec-6] com.jsh.erp.datasource.mappers.MaterialPropertyMapperEx.selectByConditionMaterialProperty - <==      Total: 4
2021/04/09-18:38:47 DEBUG [http-nio-9988-exec-6] com.jsh.erp.datasource.mappers.MaterialPropertyMapperEx.countsByMaterialProperty - ==>  Preparing: SELECT COUNT(id) FROM jsh_material_property WHERE 1 = 1 AND native_name LIKE '%%' AND ifnull(delete_flag, '0') != '1' 
2021/04/09-18:38:47 DEBUG [http-nio-9988-exec-6] com.jsh.erp.datasource.mappers.MaterialPropertyMapperEx.countsByMaterialProperty - ==> Parameters: 
2021/04/09-18:38:47 DEBUG [http-nio-9988-exec-6] com.jsh.erp.datasource.mappers.MaterialPropertyMapperEx.countsByMaterialProperty - <==      Total: 1
2021/04/09-18:38:47 DEBUG [http-nio-9988-exec-7] com.jsh.erp.datasource.mappers.MaterialMapperEx.selectByConditionMaterial - ==>  Preparing: SELECT m.*, u.name unitName, mc.name categoryName, me.bar_code, me.purchase_decimal, me.commodity_decimal, me.wholesale_decimal, me.low_decimal FROM jsh_material m LEFT JOIN jsh_material_extend me ON me.tenant_id = 63 AND m.id = me.material_id AND ifnull(me.delete_Flag, '0') != '1' LEFT JOIN jsh_unit u ON u.tenant_id = 63 AND m.unit_id = u.id AND ifnull(u.delete_Flag, '0') != '1' LEFT JOIN jsh_material_category mc ON mc.tenant_id = 63 AND m.category_id = mc.id AND ifnull(mc.status, '0') != '2' WHERE m.tenant_id = 63 AND 1 = 1 AND me.default_flag = 1 AND ifnull(m.delete_flag, '0') != '1' ORDER BY m.id DESC LIMIT ?, ? 
2021/04/09-18:38:47 DEBUG [http-nio-9988-exec-7] com.jsh.erp.datasource.mappers.MaterialMapperEx.selectByConditionMaterial - ==> Parameters: 0(Integer), 15(Integer)
2021/04/09-18:38:47 DEBUG [http-nio-9988-exec-8] com.jsh.erp.datasource.mappers.UnitMapperEx.selectByConditionUnit - ==>  Preparing: SELECT * FROM jsh_unit WHERE jsh_unit.tenant_id = 63 AND 1 = 1 AND name LIKE '%%' AND ifnull(delete_flag, '0') != '1' LIMIT ?, ? 
2021/04/09-18:38:47 DEBUG [http-nio-9988-exec-8] com.jsh.erp.datasource.mappers.UnitMapperEx.selectByConditionUnit - ==> Parameters: 0(Integer), 100(Integer)
2021/04/09-18:38:47 DEBUG [http-nio-9988-exec-7] com.jsh.erp.datasource.mappers.MaterialMapperEx.selectByConditionMaterial - <==      Total: 2
2021/04/09-18:38:47 DEBUG [http-nio-9988-exec-7] com.jsh.erp.datasource.mappers.MaterialInitialStockMapper.selectByExample - ==>  Preparing: SELECT id, material_id, depot_id, number, tenant_id, delete_flag FROM jsh_material_initial_stock WHERE jsh_material_initial_stock.tenant_id = 63 AND (material_id = ? AND delete_flag <> ?) 
2021/04/09-18:38:47 DEBUG [http-nio-9988-exec-7] com.jsh.erp.datasource.mappers.MaterialInitialStockMapper.selectByExample - ==> Parameters: 589(Long), 1(String)
2021/04/09-18:38:47 DEBUG [http-nio-9988-exec-8] com.jsh.erp.datasource.mappers.UnitMapperEx.selectByConditionUnit - <==      Total: 1
2021/04/09-18:38:47 DEBUG [http-nio-9988-exec-8] com.jsh.erp.datasource.mappers.UnitMapperEx.countsByUnit - ==>  Preparing: SELECT COUNT(id) FROM jsh_unit WHERE jsh_unit.tenant_id = 63 AND 1 = 1 AND name LIKE '%%' AND ifnull(delete_flag, '0') != '1' 
2021/04/09-18:38:47 DEBUG [http-nio-9988-exec-8] com.jsh.erp.datasource.mappers.UnitMapperEx.countsByUnit - ==> Parameters: 
2021/04/09-18:38:47 DEBUG [http-nio-9988-exec-7] com.jsh.erp.datasource.mappers.MaterialInitialStockMapper.selectByExample - <==      Total: 1
2021/04/09-18:38:47 DEBUG [http-nio-9988-exec-7] com.jsh.erp.datasource.mappers.DepotItemMapperEx.getStockCheckSum - ==>  Preparing: SELECT ifnull(sum(di.basic_number), 0) stockCheckSum FROM jsh_depot_head dh INNER JOIN jsh_depot_item di ON di.tenant_id = 63 AND dh.id = di.header_id WHERE dh.tenant_id = 63 AND 1 = 1 AND di.material_id = ? AND dh.sub_type = '盘点复盘' AND dh.`Status` = '1' AND ifnull(dh.delete_flag, '0') != '1' AND ifnull(di.delete_flag, '0') != '1' 
2021/04/09-18:38:47 DEBUG [http-nio-9988-exec-7] com.jsh.erp.datasource.mappers.DepotItemMapperEx.getStockCheckSum - ==> Parameters: 589(Long)
2021/04/09-18:38:47 DEBUG [http-nio-9988-exec-8] com.jsh.erp.datasource.mappers.UnitMapperEx.countsByUnit - <==      Total: 1
2021/04/09-18:38:47 DEBUG [http-nio-9988-exec-7] com.jsh.erp.datasource.mappers.DepotItemMapperEx.getStockCheckSum - <==      Total: 1
2021/04/09-18:38:47 DEBUG [http-nio-9988-exec-7] com.jsh.erp.datasource.mappers.DepotItemMapperEx.getStockByParam - ==>  Preparing: select ifnull((curep.inTotal+curep.transfInTotal+curep.assemInTotal+curep.disAssemInTotal),0) as in_stock, ifnull((curep.transfOutTotal+curep.outTotal+curep.assemOutTotal+curep.disAssemOutTotal),0) out_stock from (select sum(if(dh.type='入库' , di.basic_number,0)) as inTotal, sum(if(dh.sub_type='调拨' ,di.basic_number,0)) as transfInTotal, sum(if(dh.sub_type='调拨' ,di.basic_number,0)) as transfOutTotal, sum(if(dh.type='出库' and dh.sub_type!='调拨' ,di.basic_number,0)) as outTotal, sum(if(dh.sub_type='组装单' and di.material_type='组合件' ,di.basic_number,0)) as assemInTotal, sum(if(dh.sub_type='组装单' and di.material_type='普通子件' ,di.basic_number,0)) as assemOutTotal, sum(if(dh.sub_type='拆卸单' and di.material_type='普通子件' ,di.basic_number,0)) as disAssemInTotal, sum(if(dh.sub_type='拆卸单' and di.material_type='组合件' ,di.basic_number,0)) as disAssemOutTotal from jsh_depot_head dh,jsh_depot_item di where 1=1 and dh.id=di.header_id and di.material_id=? and dh.tenant_id=? and di.tenant_id=? and ifnull(dh.delete_flag,'0') !='1' and ifnull(di.delete_flag,'0') !='1') as curep 
2021/04/09-18:38:47 DEBUG [http-nio-9988-exec-7] com.jsh.erp.datasource.mappers.DepotItemMapperEx.getStockByParam - ==> Parameters: 589(Long), 63(Long), 63(Long)
2021/04/09-18:38:47 DEBUG [http-nio-9988-exec-7] com.jsh.erp.datasource.mappers.DepotItemMapperEx.getStockByParam - <==      Total: 1
2021/04/09-18:38:47 DEBUG [http-nio-9988-exec-7] com.jsh.erp.datasource.mappers.MaterialInitialStockMapper.selectByExample - ==>  Preparing: SELECT id, material_id, depot_id, number, tenant_id, delete_flag FROM jsh_material_initial_stock WHERE jsh_material_initial_stock.tenant_id = 63 AND (material_id = ? AND delete_flag <> ?) 
2021/04/09-18:38:47 DEBUG [http-nio-9988-exec-7] com.jsh.erp.datasource.mappers.MaterialInitialStockMapper.selectByExample - ==> Parameters: 568(Long), 1(String)
2021/04/09-18:38:47 DEBUG [http-nio-9988-exec-7] com.jsh.erp.datasource.mappers.MaterialInitialStockMapper.selectByExample - <==      Total: 0
2021/04/09-18:38:47 DEBUG [http-nio-9988-exec-7] com.jsh.erp.datasource.mappers.DepotItemMapperEx.getStockCheckSum - ==>  Preparing: SELECT ifnull(sum(di.basic_number), 0) stockCheckSum FROM jsh_depot_head dh INNER JOIN jsh_depot_item di ON di.tenant_id = 63 AND dh.id = di.header_id WHERE dh.tenant_id = 63 AND 1 = 1 AND di.material_id = ? AND dh.sub_type = '盘点复盘' AND dh.`Status` = '1' AND ifnull(dh.delete_flag, '0') != '1' AND ifnull(di.delete_flag, '0') != '1' 
2021/04/09-18:38:47 DEBUG [http-nio-9988-exec-7] com.jsh.erp.datasource.mappers.DepotItemMapperEx.getStockCheckSum - ==> Parameters: 568(Long)
2021/04/09-18:38:47 DEBUG [http-nio-9988-exec-7] com.jsh.erp.datasource.mappers.DepotItemMapperEx.getStockCheckSum - <==      Total: 1
2021/04/09-18:38:47 DEBUG [http-nio-9988-exec-7] com.jsh.erp.datasource.mappers.DepotItemMapperEx.getStockByParam - ==>  Preparing: select ifnull((curep.inTotal+curep.transfInTotal+curep.assemInTotal+curep.disAssemInTotal),0) as in_stock, ifnull((curep.transfOutTotal+curep.outTotal+curep.assemOutTotal+curep.disAssemOutTotal),0) out_stock from (select sum(if(dh.type='入库' , di.basic_number,0)) as inTotal, sum(if(dh.sub_type='调拨' ,di.basic_number,0)) as transfInTotal, sum(if(dh.sub_type='调拨' ,di.basic_number,0)) as transfOutTotal, sum(if(dh.type='出库' and dh.sub_type!='调拨' ,di.basic_number,0)) as outTotal, sum(if(dh.sub_type='组装单' and di.material_type='组合件' ,di.basic_number,0)) as assemInTotal, sum(if(dh.sub_type='组装单' and di.material_type='普通子件' ,di.basic_number,0)) as assemOutTotal, sum(if(dh.sub_type='拆卸单' and di.material_type='普通子件' ,di.basic_number,0)) as disAssemInTotal, sum(if(dh.sub_type='拆卸单' and di.material_type='组合件' ,di.basic_number,0)) as disAssemOutTotal from jsh_depot_head dh,jsh_depot_item di where 1=1 and dh.id=di.header_id and di.material_id=? and dh.tenant_id=? and di.tenant_id=? and ifnull(dh.delete_flag,'0') !='1' and ifnull(di.delete_flag,'0') !='1') as curep 
2021/04/09-18:38:47 DEBUG [http-nio-9988-exec-7] com.jsh.erp.datasource.mappers.DepotItemMapperEx.getStockByParam - ==> Parameters: 568(Long), 63(Long), 63(Long)
2021/04/09-18:38:47 DEBUG [http-nio-9988-exec-7] com.jsh.erp.datasource.mappers.DepotItemMapperEx.getStockByParam - <==      Total: 1
2021/04/09-18:38:47 DEBUG [http-nio-9988-exec-7] com.jsh.erp.datasource.mappers.MaterialMapperEx.countsByMaterial - ==>  Preparing: SELECT COUNT(m.id) FROM jsh_material m LEFT JOIN jsh_material_extend me ON me.tenant_id = 63 AND m.id = me.material_id AND ifnull(me.delete_Flag, '0') != '1' LEFT JOIN jsh_unit u ON u.tenant_id = 63 AND m.unit_id = u.id AND ifnull(u.delete_Flag, '0') != '1' LEFT JOIN jsh_material_category mc ON mc.tenant_id = 63 AND m.category_id = mc.id AND ifnull(mc.status, '0') != '2' WHERE m.tenant_id = 63 AND 1 = 1 AND me.default_flag = 1 AND ifnull(m.delete_flag, '0') != '1' 
2021/04/09-18:38:47 DEBUG [http-nio-9988-exec-7] com.jsh.erp.datasource.mappers.MaterialMapperEx.countsByMaterial - ==> Parameters: 
2021/04/09-18:38:47 DEBUG [http-nio-9988-exec-7] com.jsh.erp.datasource.mappers.MaterialMapperEx.countsByMaterial - <==      Total: 1
2021/04/09-18:38:49 DEBUG [http-nio-9988-exec-9] com.jsh.erp.datasource.mappers.MaterialCategoryMapperEx.getNodeTree - ==>  Preparing: SELECT id, name, ? AS currentId FROM jsh_material_category WHERE jsh_material_category.tenant_id = 63 AND parent_id = -1 AND ifnull(status, '0') != '2' ORDER BY sort ASC 
2021/04/09-18:38:49 DEBUG [http-nio-9988-exec-9] com.jsh.erp.datasource.mappers.MaterialCategoryMapperEx.getNodeTree - ==> Parameters: null
2021/04/09-18:38:49 DEBUG [http-nio-9988-exec-9] com.jsh.erp.datasource.mappers.MaterialCategoryMapperEx.getNextNodeTree - ====>  Preparing: SELECT id, name, ? AS currentId FROM jsh_material_category WHERE jsh_material_category.tenant_id = 63 AND parent_id = ? AND ifnull(status, '0') != '2' ORDER BY sort ASC 
2021/04/09-18:38:49 DEBUG [http-nio-9988-exec-9] com.jsh.erp.datasource.mappers.MaterialCategoryMapperEx.getNextNodeTree - ====> Parameters: null, 17(Long)
2021/04/09-18:38:49 DEBUG [http-nio-9988-exec-9] com.jsh.erp.datasource.mappers.MaterialCategoryMapperEx.getNextNodeTree - ======>  Preparing: SELECT id, name, ? AS currentId FROM jsh_material_category WHERE jsh_material_category.tenant_id = 63 AND parent_id = ? AND ifnull(status, '0') != '2' ORDER BY sort ASC 
2021/04/09-18:38:49 DEBUG [http-nio-9988-exec-9] com.jsh.erp.datasource.mappers.MaterialCategoryMapperEx.getNextNodeTree - ======> Parameters: null, 21(Long)
2021/04/09-18:38:49 DEBUG [http-nio-9988-exec-9] com.jsh.erp.datasource.mappers.MaterialCategoryMapperEx.getNextNodeTree - <======      Total: 0
2021/04/09-18:38:49 DEBUG [http-nio-9988-exec-9] com.jsh.erp.datasource.mappers.MaterialCategoryMapperEx.getNextNodeTree - ======>  Preparing: SELECT id, name, ? AS currentId FROM jsh_material_category WHERE jsh_material_category.tenant_id = 63 AND parent_id = ? AND ifnull(status, '0') != '2' ORDER BY sort ASC 
2021/04/09-18:38:49 DEBUG [http-nio-9988-exec-9] com.jsh.erp.datasource.mappers.MaterialCategoryMapperEx.getNextNodeTree - ======> Parameters: null, 24(Long)
2021/04/09-18:38:49 DEBUG [http-nio-9988-exec-9] com.jsh.erp.datasource.mappers.MaterialCategoryMapperEx.getNextNodeTree - <======      Total: 0
2021/04/09-18:38:49 DEBUG [http-nio-9988-exec-9] com.jsh.erp.datasource.mappers.MaterialCategoryMapperEx.getNextNodeTree - ======>  Preparing: SELECT id, name, ? AS currentId FROM jsh_material_category WHERE jsh_material_category.tenant_id = 63 AND parent_id = ? AND ifnull(status, '0') != '2' ORDER BY sort ASC 
2021/04/09-18:38:49 DEBUG [http-nio-9988-exec-9] com.jsh.erp.datasource.mappers.MaterialCategoryMapperEx.getNextNodeTree - ======> Parameters: null, 25(Long)
2021/04/09-18:38:49 DEBUG [http-nio-9988-exec-9] com.jsh.erp.datasource.mappers.MaterialCategoryMapperEx.getNextNodeTree - <======      Total: 0
2021/04/09-18:38:49 DEBUG [http-nio-9988-exec-9] com.jsh.erp.datasource.mappers.MaterialCategoryMapperEx.getNextNodeTree - ======>  Preparing: SELECT id, name, ? AS currentId FROM jsh_material_category WHERE jsh_material_category.tenant_id = 63 AND parent_id = ? AND ifnull(status, '0') != '2' ORDER BY sort ASC 
2021/04/09-18:38:49 DEBUG [http-nio-9988-exec-9] com.jsh.erp.datasource.mappers.MaterialCategoryMapperEx.getNextNodeTree - ======> Parameters: null, 27(Long)
2021/04/09-18:38:49 DEBUG [http-nio-9988-exec-9] com.jsh.erp.datasource.mappers.MaterialCategoryMapperEx.getNextNodeTree - <======      Total: 0
2021/04/09-18:38:49 DEBUG [http-nio-9988-exec-9] com.jsh.erp.datasource.mappers.MaterialCategoryMapperEx.getNextNodeTree - <====      Total: 4
2021/04/09-18:38:49 DEBUG [http-nio-9988-exec-9] com.jsh.erp.datasource.mappers.MaterialCategoryMapperEx.getNextNodeTree - ====>  Preparing: SELECT id, name, ? AS currentId FROM jsh_material_category WHERE jsh_material_category.tenant_id = 63 AND parent_id = ? AND ifnull(status, '0') != '2' ORDER BY sort ASC 
2021/04/09-18:38:49 DEBUG [http-nio-9988-exec-9] com.jsh.erp.datasource.mappers.MaterialCategoryMapperEx.getNextNodeTree - ====> Parameters: null, 22(Long)
2021/04/09-18:38:49 DEBUG [http-nio-9988-exec-9] com.jsh.erp.datasource.mappers.MaterialCategoryMapperEx.getNextNodeTree - ======>  Preparing: SELECT id, name, ? AS currentId FROM jsh_material_category WHERE jsh_material_category.tenant_id = 63 AND parent_id = ? AND ifnull(status, '0') != '2' ORDER BY sort ASC 
2021/04/09-18:38:49 DEBUG [http-nio-9988-exec-9] com.jsh.erp.datasource.mappers.MaterialCategoryMapperEx.getNextNodeTree - ======> Parameters: null, 26(Long)
2021/04/09-18:38:49 DEBUG [http-nio-9988-exec-9] com.jsh.erp.datasource.mappers.MaterialCategoryMapperEx.getNextNodeTree - <======      Total: 0
2021/04/09-18:38:49 DEBUG [http-nio-9988-exec-9] com.jsh.erp.datasource.mappers.MaterialCategoryMapperEx.getNextNodeTree - <====      Total: 1
2021/04/09-18:38:49 DEBUG [http-nio-9988-exec-9] com.jsh.erp.datasource.mappers.MaterialCategoryMapperEx.getNextNodeTree - ====>  Preparing: SELECT id, name, ? AS currentId FROM jsh_material_category WHERE jsh_material_category.tenant_id = 63 AND parent_id = ? AND ifnull(status, '0') != '2' ORDER BY sort ASC 
2021/04/09-18:38:49 DEBUG [http-nio-9988-exec-9] com.jsh.erp.datasource.mappers.MaterialCategoryMapperEx.getNextNodeTree - ====> Parameters: null, 28(Long)
2021/04/09-18:38:49 DEBUG [http-nio-9988-exec-9] com.jsh.erp.datasource.mappers.MaterialCategoryMapperEx.getNextNodeTree - ======>  Preparing: SELECT id, name, ? AS currentId FROM jsh_material_category WHERE jsh_material_category.tenant_id = 63 AND parent_id = ? AND ifnull(status, '0') != '2' ORDER BY sort ASC 
2021/04/09-18:38:49 DEBUG [http-nio-9988-exec-9] com.jsh.erp.datasource.mappers.MaterialCategoryMapperEx.getNextNodeTree - ======> Parameters: null, 29(Long)
2021/04/09-18:38:49 DEBUG [http-nio-9988-exec-9] com.jsh.erp.datasource.mappers.MaterialCategoryMapperEx.getNextNodeTree - <======      Total: 0
2021/04/09-18:38:49 DEBUG [http-nio-9988-exec-9] com.jsh.erp.datasource.mappers.MaterialCategoryMapperEx.getNextNodeTree - <====      Total: 1
2021/04/09-18:38:49 DEBUG [http-nio-9988-exec-9] com.jsh.erp.datasource.mappers.MaterialCategoryMapperEx.getNodeTree - <==      Total: 3
2021/04/09-18:38:50 DEBUG [http-nio-9988-exec-10] com.jsh.erp.datasource.mappers.UnitMapperEx.selectByConditionUnit - ==>  Preparing: SELECT * FROM jsh_unit WHERE jsh_unit.tenant_id = 63 AND 1 = 1 AND ifnull(delete_flag, '0') != '1' LIMIT ?, ? 
2021/04/09-18:38:50 DEBUG [http-nio-9988-exec-10] com.jsh.erp.datasource.mappers.UnitMapperEx.selectByConditionUnit - ==> Parameters: 0(Integer), 15(Integer)
2021/04/09-18:38:50 DEBUG [http-nio-9988-exec-10] com.jsh.erp.datasource.mappers.UnitMapperEx.selectByConditionUnit - <==      Total: 1
2021/04/09-18:38:50 DEBUG [http-nio-9988-exec-10] com.jsh.erp.datasource.mappers.UnitMapperEx.countsByUnit - ==>  Preparing: SELECT COUNT(id) FROM jsh_unit WHERE jsh_unit.tenant_id = 63 AND 1 = 1 AND ifnull(delete_flag, '0') != '1' 
2021/04/09-18:38:50 DEBUG [http-nio-9988-exec-10] com.jsh.erp.datasource.mappers.UnitMapperEx.countsByUnit - ==> Parameters: 
2021/04/09-18:38:50 DEBUG [http-nio-9988-exec-10] com.jsh.erp.datasource.mappers.UnitMapperEx.countsByUnit - <==      Total: 1
2021/04/09-18:38:52 DEBUG [http-nio-9988-exec-2] com.jsh.erp.datasource.mappers.SerialNumberMapperEx.selectByConditionSerialNumber - ==>  Preparing: SELECT ser.id, ser.material_id, ser.serial_number, ser.is_sell, ser.remark, ser.delete_flag, ser.create_time, ser.update_time, mat.name AS materialName, NULL AS creator, NULL AS updater, NULL AS creatorName, NULL AS updaterName, ser.depot_head_id, dh.number AS depotHeadNumber, concat(dh.sub_type, dh.type) AS depotHeadType FROM jsh_serial_number ser LEFT JOIN jsh_material mat ON mat.tenant_id = 63 AND mat.id = ser.material_Id AND ifnull(mat.delete_flag, '0') != '1' LEFT JOIN jsh_depot_head dh ON dh.tenant_id = 63 AND dh.id = ser.depot_head_id AND ifnull(dh.delete_flag, '0') != '1' WHERE ser.tenant_id = 63 AND 1 = 1 AND ifnull(ser.delete_flag, '0') != '1' ORDER BY ser.id DESC LIMIT ?, ? 
2021/04/09-18:38:52 DEBUG [http-nio-9988-exec-2] com.jsh.erp.datasource.mappers.SerialNumberMapperEx.selectByConditionSerialNumber - ==> Parameters: 0(Integer), 15(Integer)
2021/04/09-18:38:52 DEBUG [http-nio-9988-exec-2] com.jsh.erp.datasource.mappers.SerialNumberMapperEx.selectByConditionSerialNumber - <==      Total: 3
2021/04/09-18:38:52 DEBUG [http-nio-9988-exec-2] com.jsh.erp.datasource.mappers.SerialNumberMapperEx.countSerialNumber - ==>  Preparing: SELECT COUNT(ser.id) FROM jsh_serial_number ser LEFT JOIN jsh_material mat ON mat.tenant_id = 63 AND mat.id = ser.material_Id AND ifnull(mat.delete_flag, '0') != '1' WHERE ser.tenant_id = 63 AND 1 = 1 AND ifnull(ser.delete_flag, '0') != '1' ORDER BY ser.id DESC 
2021/04/09-18:38:52 DEBUG [http-nio-9988-exec-2] com.jsh.erp.datasource.mappers.SerialNumberMapperEx.countSerialNumber - ==> Parameters: 
2021/04/09-18:38:52 DEBUG [http-nio-9988-exec-2] com.jsh.erp.datasource.mappers.SerialNumberMapperEx.countSerialNumber - <==      Total: 1
2021/04/09-18:39:40 DEBUG [http-nio-9988-exec-1] com.jsh.erp.datasource.mappers.MsgMapperEx.getMsgCountByStatus - ==>  Preparing: SELECT COUNT(id) FROM jsh_msg WHERE jsh_msg.tenant_id = 63 AND 1 = 1 AND ifnull(delete_Flag, '0') != '1' AND status = '1' 
2021/04/09-18:39:40 DEBUG [http-nio-9988-exec-1] com.jsh.erp.datasource.mappers.MsgMapperEx.getMsgCountByStatus - ==> Parameters: 
2021/04/09-18:39:40 DEBUG [http-nio-9988-exec-1] com.jsh.erp.datasource.mappers.MsgMapperEx.getMsgCountByStatus - <==      Total: 1
2021/04/09-18:40:40 DEBUG [http-nio-9988-exec-5] com.jsh.erp.datasource.mappers.MsgMapperEx.getMsgCountByStatus - ==>  Preparing: SELECT COUNT(id) FROM jsh_msg WHERE jsh_msg.tenant_id = 63 AND 1 = 1 AND ifnull(delete_Flag, '0') != '1' AND status = '1' 
2021/04/09-18:40:40 DEBUG [http-nio-9988-exec-5] com.jsh.erp.datasource.mappers.MsgMapperEx.getMsgCountByStatus - ==> Parameters: 
2021/04/09-18:40:40 DEBUG [http-nio-9988-exec-5] com.jsh.erp.datasource.mappers.MsgMapperEx.getMsgCountByStatus - <==      Total: 1
2021/04/09-18:41:40 DEBUG [http-nio-9988-exec-4] com.jsh.erp.datasource.mappers.MsgMapperEx.getMsgCountByStatus - ==>  Preparing: SELECT COUNT(id) FROM jsh_msg WHERE jsh_msg.tenant_id = 63 AND 1 = 1 AND ifnull(delete_Flag, '0') != '1' AND status = '1' 
2021/04/09-18:41:40 DEBUG [http-nio-9988-exec-4] com.jsh.erp.datasource.mappers.MsgMapperEx.getMsgCountByStatus - ==> Parameters: 
2021/04/09-18:41:40 DEBUG [http-nio-9988-exec-4] com.jsh.erp.datasource.mappers.MsgMapperEx.getMsgCountByStatus - <==      Total: 1
2021/04/09-18:42:40 DEBUG [http-nio-9988-exec-6] com.jsh.erp.datasource.mappers.MsgMapperEx.getMsgCountByStatus - ==>  Preparing: SELECT COUNT(id) FROM jsh_msg WHERE jsh_msg.tenant_id = 63 AND 1 = 1 AND ifnull(delete_Flag, '0') != '1' AND status = '1' 
2021/04/09-18:42:40 DEBUG [http-nio-9988-exec-6] com.jsh.erp.datasource.mappers.MsgMapperEx.getMsgCountByStatus - ==> Parameters: 
2021/04/09-18:42:40 DEBUG [http-nio-9988-exec-6] com.jsh.erp.datasource.mappers.MsgMapperEx.getMsgCountByStatus - <==      Total: 1
2021/04/09-18:43:40 DEBUG [http-nio-9988-exec-8] com.jsh.erp.datasource.mappers.MsgMapperEx.getMsgCountByStatus - ==>  Preparing: SELECT COUNT(id) FROM jsh_msg WHERE jsh_msg.tenant_id = 63 AND 1 = 1 AND ifnull(delete_Flag, '0') != '1' AND status = '1' 
2021/04/09-18:43:40 DEBUG [http-nio-9988-exec-8] com.jsh.erp.datasource.mappers.MsgMapperEx.getMsgCountByStatus - ==> Parameters: 
2021/04/09-18:43:40 DEBUG [http-nio-9988-exec-8] com.jsh.erp.datasource.mappers.MsgMapperEx.getMsgCountByStatus - <==      Total: 1
2021/04/09-18:44:40 DEBUG [http-nio-9988-exec-7] com.jsh.erp.datasource.mappers.MsgMapperEx.getMsgCountByStatus - ==>  Preparing: SELECT COUNT(id) FROM jsh_msg WHERE jsh_msg.tenant_id = 63 AND 1 = 1 AND ifnull(delete_Flag, '0') != '1' AND status = '1' 
2021/04/09-18:44:40 DEBUG [http-nio-9988-exec-7] com.jsh.erp.datasource.mappers.MsgMapperEx.getMsgCountByStatus - ==> Parameters: 
2021/04/09-18:44:40 DEBUG [http-nio-9988-exec-7] com.jsh.erp.datasource.mappers.MsgMapperEx.getMsgCountByStatus - <==      Total: 1
2021/04/09-18:45:40 DEBUG [http-nio-9988-exec-9] com.jsh.erp.datasource.mappers.MsgMapperEx.getMsgCountByStatus - ==>  Preparing: SELECT COUNT(id) FROM jsh_msg WHERE jsh_msg.tenant_id = 63 AND 1 = 1 AND ifnull(delete_Flag, '0') != '1' AND status = '1' 
2021/04/09-18:45:40 DEBUG [http-nio-9988-exec-9] com.jsh.erp.datasource.mappers.MsgMapperEx.getMsgCountByStatus - ==> Parameters: 
2021/04/09-18:45:40 DEBUG [http-nio-9988-exec-9] com.jsh.erp.datasource.mappers.MsgMapperEx.getMsgCountByStatus - <==      Total: 1
2021/04/09-18:46:40 DEBUG [http-nio-9988-exec-10] com.jsh.erp.datasource.mappers.MsgMapperEx.getMsgCountByStatus - ==>  Preparing: SELECT COUNT(id) FROM jsh_msg WHERE jsh_msg.tenant_id = 63 AND 1 = 1 AND ifnull(delete_Flag, '0') != '1' AND status = '1' 
2021/04/09-18:46:40 DEBUG [http-nio-9988-exec-10] com.jsh.erp.datasource.mappers.MsgMapperEx.getMsgCountByStatus - ==> Parameters: 
2021/04/09-18:46:40 DEBUG [http-nio-9988-exec-10] com.jsh.erp.datasource.mappers.MsgMapperEx.getMsgCountByStatus - <==      Total: 1
2021/04/09-18:47:40 DEBUG [http-nio-9988-exec-2] com.jsh.erp.datasource.mappers.MsgMapperEx.getMsgCountByStatus - ==>  Preparing: SELECT COUNT(id) FROM jsh_msg WHERE jsh_msg.tenant_id = 63 AND 1 = 1 AND ifnull(delete_Flag, '0') != '1' AND status = '1' 
2021/04/09-18:47:40 DEBUG [http-nio-9988-exec-2] com.jsh.erp.datasource.mappers.MsgMapperEx.getMsgCountByStatus - ==> Parameters: 
2021/04/09-18:47:40 DEBUG [http-nio-9988-exec-2] com.jsh.erp.datasource.mappers.MsgMapperEx.getMsgCountByStatus - <==      Total: 1
2021/04/09-18:48:40 DEBUG [http-nio-9988-exec-1] com.jsh.erp.datasource.mappers.MsgMapperEx.getMsgCountByStatus - ==>  Preparing: SELECT COUNT(id) FROM jsh_msg WHERE jsh_msg.tenant_id = 63 AND 1 = 1 AND ifnull(delete_Flag, '0') != '1' AND status = '1' 
2021/04/09-18:48:40 DEBUG [http-nio-9988-exec-1] com.jsh.erp.datasource.mappers.MsgMapperEx.getMsgCountByStatus - ==> Parameters: 
2021/04/09-18:48:40 DEBUG [http-nio-9988-exec-1] com.jsh.erp.datasource.mappers.MsgMapperEx.getMsgCountByStatus - <==      Total: 1
2021/04/09-18:49:40 DEBUG [http-nio-9988-exec-3] com.jsh.erp.datasource.mappers.MsgMapperEx.getMsgCountByStatus - ==>  Preparing: SELECT COUNT(id) FROM jsh_msg WHERE jsh_msg.tenant_id = 63 AND 1 = 1 AND ifnull(delete_Flag, '0') != '1' AND status = '1' 
2021/04/09-18:49:40 DEBUG [http-nio-9988-exec-3] com.jsh.erp.datasource.mappers.MsgMapperEx.getMsgCountByStatus - ==> Parameters: 
2021/04/09-18:49:40 DEBUG [http-nio-9988-exec-3] com.jsh.erp.datasource.mappers.MsgMapperEx.getMsgCountByStatus - <==      Total: 1
2021/04/09-18:50:40 DEBUG [http-nio-9988-exec-5] com.jsh.erp.datasource.mappers.MsgMapperEx.getMsgCountByStatus - ==>  Preparing: SELECT COUNT(id) FROM jsh_msg WHERE jsh_msg.tenant_id = 63 AND 1 = 1 AND ifnull(delete_Flag, '0') != '1' AND status = '1' 
2021/04/09-18:50:40 DEBUG [http-nio-9988-exec-5] com.jsh.erp.datasource.mappers.MsgMapperEx.getMsgCountByStatus - ==> Parameters: 
2021/04/09-18:50:40 DEBUG [http-nio-9988-exec-5] com.jsh.erp.datasource.mappers.MsgMapperEx.getMsgCountByStatus - <==      Total: 1
2021/04/09-18:51:40 DEBUG [http-nio-9988-exec-4] com.jsh.erp.datasource.mappers.MsgMapperEx.getMsgCountByStatus - ==>  Preparing: SELECT COUNT(id) FROM jsh_msg WHERE jsh_msg.tenant_id = 63 AND 1 = 1 AND ifnull(delete_Flag, '0') != '1' AND status = '1' 
2021/04/09-18:51:40 DEBUG [http-nio-9988-exec-4] com.jsh.erp.datasource.mappers.MsgMapperEx.getMsgCountByStatus - ==> Parameters: 
2021/04/09-18:51:40 DEBUG [http-nio-9988-exec-4] com.jsh.erp.datasource.mappers.MsgMapperEx.getMsgCountByStatus - <==      Total: 1
